Using pre-set license
Built from '2021.3/staging' branch; Version is '2021.3.15f1 (e8e88683f834) revision 15263878'; Using compiler version '192829333'; Build Type 'Release'
OS: 'Windows 10  (10.0.19045) 64bit Professional' Language: 'tr' Physical Memory: 8134 MB
BatchMode: 1, IsHumanControllingUs: 0, StartBugReporterOnCrash: 0, Is64bit: 1, IsPro: 1

COMMAND LINE ARGUMENTS:
E:\Program Files\Unity 2021.3.15f1\Editor\Unity.exe
-adb2
-batchMode
-noUpm
-name
AssetImportWorker11
-projectPath
E:/Unity Proje/Stayin Alive/Stayin Alive/Stayin Alive
-logFile
Logs/AssetImportWorker11.log
-srvPort
51251
Successfully changed project path to: E:/Unity Proje/Stayin Alive/Stayin Alive/Stayin Alive
E:/Unity Proje/Stayin Alive/Stayin Alive/Stayin Alive
[UnityMemory] Configuration Parameters - Can be set up in boot.config
    "memorysetup-bucket-allocator-granularity=16"
    "memorysetup-bucket-allocator-bucket-count=8"
    "memorysetup-bucket-allocator-block-size=33554432"
    "memorysetup-bucket-allocator-block-count=8"
    "memorysetup-main-allocator-block-size=16777216"
    "memorysetup-thread-allocator-block-size=16777216"
    "memorysetup-gfx-main-allocator-block-size=16777216"
    "memorysetup-gfx-thread-allocator-block-size=16777216"
    "memorysetup-cache-allocator-block-size=4194304"
    "memorysetup-typetree-allocator-block-size=2097152"
    "memorysetup-profiler-bucket-allocator-granularity=16"
    "memorysetup-profiler-bucket-allocator-bucket-count=8"
    "memorysetup-profiler-bucket-allocator-block-size=33554432"
    "memorysetup-profiler-bucket-allocator-block-count=8"
    "memorysetup-profiler-allocator-block-size=16777216"
    "memorysetup-profiler-editor-allocator-block-size=1048576"
    "memorysetup-temp-allocator-size-main=16777216"
    "memorysetup-job-temp-allocator-block-size=2097152"
    "memorysetup-job-temp-allocator-block-size-background=1048576"
    "memorysetup-job-temp-allocator-reduction-small-platforms=262144"
    "memorysetup-temp-allocator-size-background-worker=32768"
    "memorysetup-temp-allocator-size-job-worker=262144"
    "memorysetup-temp-allocator-size-preload-manager=33554432"
    "memorysetup-temp-allocator-size-nav-mesh-worker=65536"
    "memorysetup-temp-allocator-size-audio-worker=65536"
    "memorysetup-temp-allocator-size-cloud-worker=32768"
    "memorysetup-temp-allocator-size-gi-baking-worker=262144"
    "memorysetup-temp-allocator-size-gfx=262144"
Player connection [14428] Host "[IP] 192.168.0.28 [Port] 0 [Flags] 2 [Guid] 1106620116 [EditorId] 1106620116 [Version] 1048832 [Id] WindowsEditor(7,DESKTOP-4FOQMMG) [Debug] 1 [PackageName] WindowsEditor [ProjectName] Editor" joined multi-casting on [225.0.0.222:54997]...

Player connection [14428] Host "[IP] 192.168.0.28 [Port] 0 [Flags] 2 [Guid] 1106620116 [EditorId] 1106620116 [Version] 1048832 [Id] WindowsEditor(7,DESKTOP-4FOQMMG) [Debug] 1 [PackageName] WindowsEditor [ProjectName] Editor" joined alternative multi-casting on [225.0.0.222:34997]...

Refreshing native plugins compatible for Editor in 108.14 ms, found 3 plugins.
Preloading 0 native plugins for Editor in 0.00 ms.
Initialize engine version: 2021.3.15f1 (e8e88683f834)
[Subsystems] Discovering subsystems at path E:/Program Files/Unity 2021.3.15f1/Editor/Data/Resources/UnitySubsystems
[Subsystems] Discovering subsystems at path E:/Unity Proje/Stayin Alive/Stayin Alive/Stayin Alive/Assets
GfxDevice: creating device client; threaded=0; jobified=0
Direct3D:
    Version:  Direct3D 11.0 [level 11.1]
    Renderer: NVIDIA GeForce GTX 960 (ID=0x1401)
    Vendor:   NVIDIA
    VRAM:     4053 MB
    Driver:   31.0.15.1694
Initialize mono
Mono path[0] = 'E:/Program Files/Unity 2021.3.15f1/Editor/Data/Managed'
Mono path[1] = 'E:/Program Files/Unity 2021.3.15f1/Editor/Data/MonoBleedingEdge/lib/mono/unityjit-win32'
Mono config path = 'E:/Program Files/Unity 2021.3.15f1/Editor/Data/MonoBleedingEdge/etc'
Using monoOptions --debugger-agent=transport=dt_socket,embedding=1,server=y,suspend=n,address=127.0.0.1:56900
Begin MonoManager ReloadAssembly
Registering precompiled unity dll's ...
Register platform support module: E:/Program Files/Unity 2021.3.15f1/Editor/Data/PlaybackEngines/WindowsStandaloneSupport/UnityEditor.WindowsStandalone.Extensions.dll
Registered in 0.006981 seconds.
Native extension for WindowsStandalone target not found
Refreshing native plugins compatible for Editor in 89.26 ms, found 3 plugins.
Preloading 0 native plugins for Editor in 0.00 ms.
Mono: successfully reloaded assembly
- Completed reload, in  0.782 seconds
Domain Reload Profiling:
	ReloadAssembly (782ms)
		BeginReloadAssembly (80ms)
			ExecutionOrderSort (0ms)
			DisableScriptedObjects (0ms)
			BackupInstance (0ms)
			ReleaseScriptingObjects (0ms)
			CreateAndSetChildDomain (1ms)
		EndReloadAssembly (492ms)
			LoadAssemblies (79ms)
			RebuildTransferFunctionScriptingTraits (0ms)
			SetupTypeCache (142ms)
			ReleaseScriptCaches (0ms)
			RebuildScriptCaches (31ms)
			SetupLoadedEditorAssemblies (265ms)
				LogAssemblyErrors (0ms)
				InitializePlatformSupportModulesInManaged (6ms)
				SetLoadedEditorAssemblies (0ms)
				RefreshPlugins (89ms)
				BeforeProcessingInitializeOnLoad (1ms)
				ProcessInitializeOnLoadAttributes (124ms)
				ProcessInitializeOnLoadMethodAttributes (44ms)
				AfterProcessingInitializeOnLoad (0ms)
				EditorAssembliesLoaded (0ms)
			ExecutionOrderSort2 (0ms)
			AwakeInstancesAfterBackupRestoration (0ms)
Platform modules already initialized, skipping
Registering precompiled user dll's ...
Registered in 0.004092 seconds.
Begin MonoManager ReloadAssembly
Symbol file LoadedFromMemory doesn't match image E:\Unity Proje\Stayin Alive\Stayin Alive\Stayin Alive\Library\PackageCache\com.unity.visualscripting@1.7.8\Editor\VisualScripting.Core\Dependencies\YamlDotNet\Unity.VisualScripting.YamlDotNet.dll
Symbol file LoadedFromMemory doesn't match image E:\Unity Proje\Stayin Alive\Stayin Alive\Stayin Alive\Library\PackageCache\com.unity.visualscripting@1.7.8\Editor\VisualScripting.Core\Dependencies\DotNetZip\Unity.VisualScripting.IonicZip.dll
Native extension for WindowsStandalone target not found
Refreshing native plugins compatible for Editor in 83.07 ms, found 3 plugins.
Preloading 0 native plugins for Editor in 0.00 ms.
Mono: successfully reloaded assembly
- Completed reload, in  1.227 seconds
Domain Reload Profiling:
	ReloadAssembly (1227ms)
		BeginReloadAssembly (99ms)
			ExecutionOrderSort (0ms)
			DisableScriptedObjects (6ms)
			BackupInstance (0ms)
			ReleaseScriptingObjects (0ms)
			CreateAndSetChildDomain (19ms)
		EndReloadAssembly (983ms)
			LoadAssemblies (76ms)
			RebuildTransferFunctionScriptingTraits (0ms)
			SetupTypeCache (315ms)
			ReleaseScriptCaches (1ms)
			RebuildScriptCaches (54ms)
			SetupLoadedEditorAssemblies (495ms)
				LogAssemblyErrors (0ms)
				InitializePlatformSupportModulesInManaged (4ms)
				SetLoadedEditorAssemblies (0ms)
				RefreshPlugins (83ms)
				BeforeProcessingInitializeOnLoad (87ms)
				ProcessInitializeOnLoadAttributes (298ms)
				ProcessInitializeOnLoadMethodAttributes (19ms)
				AfterProcessingInitializeOnLoad (2ms)
				EditorAssembliesLoaded (0ms)
			ExecutionOrderSort2 (0ms)
			AwakeInstancesAfterBackupRestoration (7ms)
Platform modules already initialized, skipping
========================================================================
Worker process is ready to serve import requests
Launched and connected shader compiler UnityShaderCompiler.exe after 0.05 seconds
Refreshing native plugins compatible for Editor in 0.84 ms, found 3 plugins.
Preloading 0 native plugins for Editor in 0.00 ms.
Unloading 3796 Unused Serialized files (Serialized files now loaded: 0)
Unloading 28 unused Assets / (56.7 KB). Loaded Objects now: 4261.
Memory consumption went from 136.2 MB to 136.2 MB.
Total: 3.846300 ms (FindLiveObjects: 0.365500 ms CreateObjectMapping: 0.159100 ms MarkObjects: 3.228900 ms  DeleteObjects: 0.091800 ms)

AssetImportParameters requested are different than current active one (requested -> active):
  custom:video-decoder-ogg-theora: a1e56fd34408186e4bbccfd4996cb3dc -> 
  custom:container-muxer-webm: aa71ff27fc2769a1b78a27578f13a17b -> 
  custom:container-demuxer-webm: 4f35f7cbe854078d1ac9338744f61a02 -> 
  custom:video-encoder-webm-vp8: eb34c28f22e8b96e1ab97ce403110664 -> 
  custom:audio-encoder-webm-vorbis: bf7c407c2cedff20999df2af8eb42d56 -> 
  custom:framework-win-MediaFoundation: 216162199b28c13a410421893ffa2e32 -> 
  custom:container-demuxer-ogg: 62fdf1f143b41e24485cea50d1cbac27 -> 
  custom:video-decoder-webm-vp8: 9c59270c3fd7afecdb556c50c9e8de78 -> 
  custom:audio-decoder-ogg-vorbis: bf7c407c2cedff20999df2af8eb42d56 -> 
========================================================================
Received Import Request.
  Time since last request: 7371.378267 seconds.
  path: Assets/AssetStore/POLYGON city pack/Prefabs/Lamps/Lamp_1_prefab.prefab
  artifactKey: Guid(18f34cfb2ff07b34b82a0f8c7d75a020) Importer(815301076,1909f56bfc062723c751e8b465ee728b)
Start importing Assets/AssetStore/POLYGON city pack/Prefabs/Lamps/Lamp_1_prefab.prefab using Guid(18f34cfb2ff07b34b82a0f8c7d75a020) Importer(815301076,1909f56bfc062723c751e8b465ee728b)  -> (artifact id: '83946b9b8810723d828cdb140f39aab7') in 0.171665 seconds 
========================================================================
Received Import Request.
  Time since last request: 0.000032 seconds.
  path: Assets/AssetStore/POLYGON city pack/Prefabs/Lamps/Lamp_4_prefab.prefab
  artifactKey: Guid(efbec96b2d3e0b5429a2e20c21fdfeda) Importer(815301076,1909f56bfc062723c751e8b465ee728b)
Start importing Assets/AssetStore/POLYGON city pack/Prefabs/Lamps/Lamp_4_prefab.prefab using Guid(efbec96b2d3e0b5429a2e20c21fdfeda) Importer(815301076,1909f56bfc062723c751e8b465ee728b)  -> (artifact id: 'c01dbdec963935e3c8163d8c06cfadd7') in 0.028474 seconds 
========================================================================
Received Import Request.
  Time since last request: 0.000187 seconds.
  path: Assets/AssetStore/POLYGON city pack/Prefabs/Lamps/street lamp 2 prefab.prefab
  artifactKey: Guid(3744e668ae9047e4b9590c326355161c) Importer(815301076,1909f56bfc062723c751e8b465ee728b)
Start importing Assets/AssetStore/POLYGON city pack/Prefabs/Lamps/street lamp 2 prefab.prefab using Guid(3744e668ae9047e4b9590c326355161c) Importer(815301076,1909f56bfc062723c751e8b465ee728b)  -> (artifact id: '2cacf6dc7aedf7f8df0b3eb3a7616586') in 0.025442 seconds 
========================================================================
Received Import Request.
  Time since last request: 0.000042 seconds.
  path: Assets/AssetStore/POLYGON city pack/Prefabs/Lamps/Lamp_6_prefab.prefab
  artifactKey: Guid(a0be46bd354c1ae4fa9dce3dfe7a25c1) Importer(815301076,1909f56bfc062723c751e8b465ee728b)
Start importing Assets/AssetStore/POLYGON city pack/Prefabs/Lamps/Lamp_6_prefab.prefab using Guid(a0be46bd354c1ae4fa9dce3dfe7a25c1) Importer(815301076,1909f56bfc062723c751e8b465ee728b)  -> (artifact id: 'fbaf3ccb18cade7aea936518a6496be7') in 0.024303 seconds 
========================================================================
Received Import Request.
  Time since last request: 0.000028 seconds.
  path: Assets/AssetStore/POLYGON city pack/Prefabs/Lamps/street_lamp 1 prefab.prefab
  artifactKey: Guid(6825a3fe8a1605f42a0d0589e582ac40) Importer(815301076,1909f56bfc062723c751e8b465ee728b)
Start importing Assets/AssetStore/POLYGON city pack/Prefabs/Lamps/street_lamp 1 prefab.prefab using Guid(6825a3fe8a1605f42a0d0589e582ac40) Importer(815301076,1909f56bfc062723c751e8b465ee728b)  -> (artifact id: '2f167053b9869df5e553614bd780b935') in 0.020510 seconds 
========================================================================
Received Import Request.
  Time since last request: 2.255135 seconds.
  path: Assets/AssetStore/POLYGON city pack/Prefabs/Letters/Letter_A_Prefab.prefab
  artifactKey: Guid(486263a6295235a40a3ba56b8111437e) Importer(815301076,1909f56bfc062723c751e8b465ee728b)
Start importing Assets/AssetStore/POLYGON city pack/Prefabs/Letters/Letter_A_Prefab.prefab using Guid(486263a6295235a40a3ba56b8111437e) Importer(815301076,1909f56bfc062723c751e8b465ee728b)  -> (artifact id: '091e3b4473459999ed1239e2037e610f') in 0.024353 seconds 
========================================================================
Received Import Request.
  Time since last request: 0.000029 seconds.
  path: Assets/AssetStore/POLYGON city pack/Prefabs/Letters/Letter_E_Prefab.prefab
  artifactKey: Guid(3a8c76fe5ec38c6458fcafb62cb2a0d9) Importer(815301076,1909f56bfc062723c751e8b465ee728b)
Start importing Assets/AssetStore/POLYGON city pack/Prefabs/Letters/Letter_E_Prefab.prefab using Guid(3a8c76fe5ec38c6458fcafb62cb2a0d9) Importer(815301076,1909f56bfc062723c751e8b465ee728b)  -> (artifact id: 'b4906a9cf497f87b95582b126c50b99f') in 0.020853 seconds 
========================================================================
Received Import Request.
  Time since last request: 0.000031 seconds.
  path: Assets/AssetStore/POLYGON city pack/Prefabs/Letters/Letter_I_Prefab.prefab
  artifactKey: Guid(bcec7c2b0048dfa4582dd821645c76b4) Importer(815301076,1909f56bfc062723c751e8b465ee728b)
Start importing Assets/AssetStore/POLYGON city pack/Prefabs/Letters/Letter_I_Prefab.prefab using Guid(bcec7c2b0048dfa4582dd821645c76b4) Importer(815301076,1909f56bfc062723c751e8b465ee728b)  -> (artifact id: 'b51e25a0cc22e1a69c81a5321c0194e1') in 0.028772 seconds 
========================================================================
Received Import Request.
  Time since last request: 0.000027 seconds.
  path: Assets/AssetStore/POLYGON city pack/Prefabs/Letters/Letter_J_Prefab.prefab
  artifactKey: Guid(7752320cf6198664eb1aca7ace852384) Importer(815301076,1909f56bfc062723c751e8b465ee728b)
Start importing Assets/AssetStore/POLYGON city pack/Prefabs/Letters/Letter_J_Prefab.prefab using Guid(7752320cf6198664eb1aca7ace852384) Importer(815301076,1909f56bfc062723c751e8b465ee728b)  -> (artifact id: '6dd7004a9e1d9d532018db85b2942828') in 0.022032 seconds 
========================================================================
Received Import Request.
  Time since last request: 0.000019 seconds.
  path: Assets/AssetStore/POLYGON city pack/Prefabs/Letters/Letter_K_Prefab.prefab
  artifactKey: Guid(c7464297316a22143a5cb70f3c732226) Importer(815301076,1909f56bfc062723c751e8b465ee728b)
Start importing Assets/AssetStore/POLYGON city pack/Prefabs/Letters/Letter_K_Prefab.prefab using Guid(c7464297316a22143a5cb70f3c732226) Importer(815301076,1909f56bfc062723c751e8b465ee728b)  -> (artifact id: 'd4619c78966ed3a86807833805c729d7') in 0.022544 seconds 
========================================================================
Received Import Request.
  Time since last request: 0.000039 seconds.
  path: Assets/AssetStore/POLYGON city pack/Prefabs/Letters/Letter_H_Prefab.prefab
  artifactKey: Guid(c5e09aa47d89a3b41a039ade63f867b0) Importer(815301076,1909f56bfc062723c751e8b465ee728b)
Start importing Assets/AssetStore/POLYGON city pack/Prefabs/Letters/Letter_H_Prefab.prefab using Guid(c5e09aa47d89a3b41a039ade63f867b0) Importer(815301076,1909f56bfc062723c751e8b465ee728b)  -> (artifact id: '34e74395f3ce8d1d1e1303a54d932979') in 0.021246 seconds 
Editor requested this worker to shutdown with reason: Scaling down because of idle timeout
AssetImportWorker is now disconnected from the server
Process exiting
Exiting without the bug reporter. Application will terminate with return code 0