Using pre-set license
Built from '2021.3/staging' branch; Version is '2021.3.15f1 (e8e88683f834) revision 15263878'; Using compiler version '192829333'; Build Type 'Release'
OS: 'Windows 10  (10.0.19045) 64bit Professional' Language: 'tr' Physical Memory: 8134 MB
BatchMode: 1, IsHumanControllingUs: 0, StartBugReporterOnCrash: 0, Is64bit: 1, IsPro: 1

COMMAND LINE ARGUMENTS:
E:\Program Files\Unity 2021.3.15f1\Editor\Unity.exe
-adb2
-batchMode
-noUpm
-name
AssetImportWorker4
-projectPath
E:/Unity Proje/Stayin Alive/Stayin Alive/Stayin Alive
-logFile
Logs/AssetImportWorker4.log
-srvPort
54138
Successfully changed project path to: E:/Unity Proje/Stayin Alive/Stayin Alive/Stayin Alive
E:/Unity Proje/Stayin Alive/Stayin Alive/Stayin Alive
[UnityMemory] Configuration Parameters - Can be set up in boot.config
    "memorysetup-bucket-allocator-granularity=16"
    "memorysetup-bucket-allocator-bucket-count=8"
    "memorysetup-bucket-allocator-block-size=33554432"
    "memorysetup-bucket-allocator-block-count=8"
    "memorysetup-main-allocator-block-size=16777216"
    "memorysetup-thread-allocator-block-size=16777216"
    "memorysetup-gfx-main-allocator-block-size=16777216"
    "memorysetup-gfx-thread-allocator-block-size=16777216"
    "memorysetup-cache-allocator-block-size=4194304"
    "memorysetup-typetree-allocator-block-size=2097152"
    "memorysetup-profiler-bucket-allocator-granularity=16"
    "memorysetup-profiler-bucket-allocator-bucket-count=8"
    "memorysetup-profiler-bucket-allocator-block-size=33554432"
    "memorysetup-profiler-bucket-allocator-block-count=8"
    "memorysetup-profiler-allocator-block-size=16777216"
    "memorysetup-profiler-editor-allocator-block-size=1048576"
    "memorysetup-temp-allocator-size-main=16777216"
    "memorysetup-job-temp-allocator-block-size=2097152"
    "memorysetup-job-temp-allocator-block-size-background=1048576"
    "memorysetup-job-temp-allocator-reduction-small-platforms=262144"
    "memorysetup-temp-allocator-size-background-worker=32768"
    "memorysetup-temp-allocator-size-job-worker=262144"
    "memorysetup-temp-allocator-size-preload-manager=33554432"
    "memorysetup-temp-allocator-size-nav-mesh-worker=65536"
    "memorysetup-temp-allocator-size-audio-worker=65536"
    "memorysetup-temp-allocator-size-cloud-worker=32768"
    "memorysetup-temp-allocator-size-gi-baking-worker=262144"
    "memorysetup-temp-allocator-size-gfx=262144"
Player connection [1436] Host "[IP] 192.168.0.28 [Port] 0 [Flags] 2 [Guid] 3072926958 [EditorId] 3072926958 [Version] 1048832 [Id] WindowsEditor(7,DESKTOP-4FOQMMG) [Debug] 1 [PackageName] WindowsEditor [ProjectName] Editor" joined multi-casting on [225.0.0.222:54997]...

Player connection [1436] Host "[IP] 192.168.0.28 [Port] 0 [Flags] 2 [Guid] 3072926958 [EditorId] 3072926958 [Version] 1048832 [Id] WindowsEditor(7,DESKTOP-4FOQMMG) [Debug] 1 [PackageName] WindowsEditor [ProjectName] Editor" joined alternative multi-casting on [225.0.0.222:34997]...

Refreshing native plugins compatible for Editor in 95.30 ms, found 3 plugins.
Preloading 0 native plugins for Editor in 0.00 ms.
Initialize engine version: 2021.3.15f1 (e8e88683f834)
[Subsystems] Discovering subsystems at path E:/Program Files/Unity 2021.3.15f1/Editor/Data/Resources/UnitySubsystems
[Subsystems] Discovering subsystems at path E:/Unity Proje/Stayin Alive/Stayin Alive/Stayin Alive/Assets
GfxDevice: creating device client; threaded=0; jobified=0
Direct3D:
    Version:  Direct3D 11.0 [level 11.1]
    Renderer: NVIDIA GeForce GTX 960 (ID=0x1401)
    Vendor:   NVIDIA
    VRAM:     4053 MB
    Driver:   31.0.15.1694
Initialize mono
Mono path[0] = 'E:/Program Files/Unity 2021.3.15f1/Editor/Data/Managed'
Mono path[1] = 'E:/Program Files/Unity 2021.3.15f1/Editor/Data/MonoBleedingEdge/lib/mono/unityjit-win32'
Mono config path = 'E:/Program Files/Unity 2021.3.15f1/Editor/Data/MonoBleedingEdge/etc'
Using monoOptions --debugger-agent=transport=dt_socket,embedding=1,server=y,suspend=n,address=127.0.0.1:56532
Begin MonoManager ReloadAssembly
Registering precompiled unity dll's ...
Register platform support module: E:/Program Files/Unity 2021.3.15f1/Editor/Data/PlaybackEngines/WindowsStandaloneSupport/UnityEditor.WindowsStandalone.Extensions.dll
Registered in 0.002204 seconds.
Native extension for WindowsStandalone target not found
Refreshing native plugins compatible for Editor in 197.58 ms, found 3 plugins.
Preloading 0 native plugins for Editor in 0.00 ms.
Mono: successfully reloaded assembly
- Completed reload, in  0.875 seconds
Domain Reload Profiling:
	ReloadAssembly (875ms)
		BeginReloadAssembly (105ms)
			ExecutionOrderSort (0ms)
			DisableScriptedObjects (0ms)
			BackupInstance (0ms)
			ReleaseScriptingObjects (0ms)
			CreateAndSetChildDomain (1ms)
		EndReloadAssembly (660ms)
			LoadAssemblies (104ms)
			RebuildTransferFunctionScriptingTraits (0ms)
			SetupTypeCache (102ms)
			ReleaseScriptCaches (0ms)
			RebuildScriptCaches (53ms)
			SetupLoadedEditorAssemblies (461ms)
				LogAssemblyErrors (0ms)
				InitializePlatformSupportModulesInManaged (12ms)
				SetLoadedEditorAssemblies (0ms)
				RefreshPlugins (198ms)
				BeforeProcessingInitializeOnLoad (2ms)
				ProcessInitializeOnLoadAttributes (194ms)
				ProcessInitializeOnLoadMethodAttributes (55ms)
				AfterProcessingInitializeOnLoad (0ms)
				EditorAssembliesLoaded (0ms)
			ExecutionOrderSort2 (0ms)
			AwakeInstancesAfterBackupRestoration (0ms)
Platform modules already initialized, skipping
Registering precompiled user dll's ...
Registered in 0.005495 seconds.
Begin MonoManager ReloadAssembly
Symbol file LoadedFromMemory doesn't match image E:\Unity Proje\Stayin Alive\Stayin Alive\Stayin Alive\Library\PackageCache\com.unity.visualscripting@1.7.8\Editor\VisualScripting.Core\Dependencies\YamlDotNet\Unity.VisualScripting.YamlDotNet.dll
Symbol file LoadedFromMemory doesn't match image E:\Unity Proje\Stayin Alive\Stayin Alive\Stayin Alive\Library\PackageCache\com.unity.visualscripting@1.7.8\Editor\VisualScripting.Core\Dependencies\DotNetZip\Unity.VisualScripting.IonicZip.dll
Native extension for WindowsStandalone target not found
Refreshing native plugins compatible for Editor in 80.75 ms, found 3 plugins.
Preloading 0 native plugins for Editor in 0.00 ms.
Mono: successfully reloaded assembly
- Completed reload, in  1.307 seconds
Domain Reload Profiling:
	ReloadAssembly (1308ms)
		BeginReloadAssembly (151ms)
			ExecutionOrderSort (0ms)
			DisableScriptedObjects (5ms)
			BackupInstance (0ms)
			ReleaseScriptingObjects (0ms)
			CreateAndSetChildDomain (23ms)
		EndReloadAssembly (1053ms)
			LoadAssemblies (115ms)
			RebuildTransferFunctionScriptingTraits (0ms)
			SetupTypeCache (309ms)
			ReleaseScriptCaches (2ms)
			RebuildScriptCaches (65ms)
			SetupLoadedEditorAssemblies (529ms)
				LogAssemblyErrors (0ms)
				InitializePlatformSupportModulesInManaged (3ms)
				SetLoadedEditorAssemblies (0ms)
				RefreshPlugins (81ms)
				BeforeProcessingInitializeOnLoad (73ms)
				ProcessInitializeOnLoadAttributes (348ms)
				ProcessInitializeOnLoadMethodAttributes (21ms)
				AfterProcessingInitializeOnLoad (3ms)
				EditorAssembliesLoaded (0ms)
			ExecutionOrderSort2 (0ms)
			AwakeInstancesAfterBackupRestoration (7ms)
Platform modules already initialized, skipping
========================================================================
Worker process is ready to serve import requests
Launched and connected shader compiler UnityShaderCompiler.exe after 0.05 seconds
Refreshing native plugins compatible for Editor in 0.78 ms, found 3 plugins.
Preloading 0 native plugins for Editor in 0.00 ms.
Unloading 3796 Unused Serialized files (Serialized files now loaded: 0)
Unloading 28 unused Assets / (56.7 KB). Loaded Objects now: 4261.
Memory consumption went from 136.2 MB to 136.2 MB.
Total: 2.952700 ms (FindLiveObjects: 0.361800 ms CreateObjectMapping: 0.213700 ms MarkObjects: 2.304400 ms  DeleteObjects: 0.069800 ms)

AssetImportParameters requested are different than current active one (requested -> active):
  custom:video-decoder-ogg-theora: a1e56fd34408186e4bbccfd4996cb3dc -> 
  custom:container-muxer-webm: aa71ff27fc2769a1b78a27578f13a17b -> 
  custom:container-demuxer-webm: 4f35f7cbe854078d1ac9338744f61a02 -> 
  custom:video-encoder-webm-vp8: eb34c28f22e8b96e1ab97ce403110664 -> 
  custom:audio-encoder-webm-vorbis: bf7c407c2cedff20999df2af8eb42d56 -> 
  custom:framework-win-MediaFoundation: 216162199b28c13a410421893ffa2e32 -> 
  custom:container-demuxer-ogg: 62fdf1f143b41e24485cea50d1cbac27 -> 
  custom:video-decoder-webm-vp8: 9c59270c3fd7afecdb556c50c9e8de78 -> 
  custom:audio-decoder-ogg-vorbis: bf7c407c2cedff20999df2af8eb42d56 -> 
========================================================================
Received Import Request.
  Time since last request: 112914.663282 seconds.
  path: Assets/AssetStore/POLYGON city pack/Meshes,textures/Buildings_FBX/Materials/Door3.mat
  artifactKey: Guid(8091037b3f4b14f4fa963aadbfb00438) Importer(815301076,1909f56bfc062723c751e8b465ee728b)
Start importing Assets/AssetStore/POLYGON city pack/Meshes,textures/Buildings_FBX/Materials/Door3.mat using Guid(8091037b3f4b14f4fa963aadbfb00438) Importer(815301076,1909f56bfc062723c751e8b465ee728b)  -> (artifact id: '523dcffa764497008c114d6c34b2bdfd') in 0.228442 seconds 
========================================================================
Received Import Request.
  Time since last request: 0.000030 seconds.
  path: Assets/AssetStore/POLYGON city pack/Meshes,textures/Shops_FBX/Materials/Drive_in_01.mat
  artifactKey: Guid(da8a78518451eed42b9a2e954aaf81cb) Importer(815301076,1909f56bfc062723c751e8b465ee728b)
Start importing Assets/AssetStore/POLYGON city pack/Meshes,textures/Shops_FBX/Materials/Drive_in_01.mat using Guid(da8a78518451eed42b9a2e954aaf81cb) Importer(815301076,1909f56bfc062723c751e8b465ee728b)  -> (artifact id: '7828b33b9e621e532a7b4acfda3198c8') in 0.019126 seconds 
========================================================================
Received Import Request.
  Time since last request: 0.000029 seconds.
  path: Assets/AssetStore/POLYGON city pack/Meshes,textures/Shops_FBX/Materials/Facade_02.mat
  artifactKey: Guid(bcc6694127a6206498a69bb829cf0d19) Importer(815301076,1909f56bfc062723c751e8b465ee728b)
Start importing Assets/AssetStore/POLYGON city pack/Meshes,textures/Shops_FBX/Materials/Facade_02.mat using Guid(bcc6694127a6206498a69bb829cf0d19) Importer(815301076,1909f56bfc062723c751e8b465ee728b)  -> (artifact id: '973ebfe73df822da97c3dad7e1646867') in 0.018875 seconds 
========================================================================
Received Import Request.
  Time since last request: 0.000031 seconds.
  path: Assets/AssetStore/POLYGON city pack/Materials/Material_meshs/Fence_B_2.mat
  artifactKey: Guid(829d8f03a87c1894e9faa0df4c536a08) Importer(815301076,1909f56bfc062723c751e8b465ee728b)
Start importing Assets/AssetStore/POLYGON city pack/Materials/Material_meshs/Fence_B_2.mat using Guid(829d8f03a87c1894e9faa0df4c536a08) Importer(815301076,1909f56bfc062723c751e8b465ee728b)  -> (artifact id: '1dcf2ea4b54c3a3e98e0c4580e15a24f') in 0.019086 seconds 
========================================================================
Received Import Request.
  Time since last request: 0.000021 seconds.
  path: Assets/AssetStore/POLYGON city pack/Meshes,textures/Buildings_FBX/Materials/Filter.mat
  artifactKey: Guid(0275251a6cd216b4d96e37f8d9996e8c) Importer(815301076,1909f56bfc062723c751e8b465ee728b)
Start importing Assets/AssetStore/POLYGON city pack/Meshes,textures/Buildings_FBX/Materials/Filter.mat using Guid(0275251a6cd216b4d96e37f8d9996e8c) Importer(815301076,1909f56bfc062723c751e8b465ee728b)  -> (artifact id: '6aff0889c06636956284c188810a1129') in 0.021151 seconds 
========================================================================
Received Import Request.
  Time since last request: 0.000024 seconds.
  path: Assets/AssetStore/POLYGON city pack/Meshes,textures/Buildings_FBX/Materials/Fire_escape_03.mat
  artifactKey: Guid(49e72ecaff2313c4e8c5a14cbab62264) Importer(815301076,1909f56bfc062723c751e8b465ee728b)
Start importing Assets/AssetStore/POLYGON city pack/Meshes,textures/Buildings_FBX/Materials/Fire_escape_03.mat using Guid(49e72ecaff2313c4e8c5a14cbab62264) Importer(815301076,1909f56bfc062723c751e8b465ee728b)  -> (artifact id: '3b9d53a217ea50d890ce328451434bc5') in 0.019651 seconds 
========================================================================
Received Import Request.
  Time since last request: 0.000032 seconds.
  path: Assets/AssetStore/POLYGON city pack/Materials/Material_meshs/flower 1 A.mat
  artifactKey: Guid(efa2ffc1b27c4ea44b60666ce2206332) Importer(815301076,1909f56bfc062723c751e8b465ee728b)
Start importing Assets/AssetStore/POLYGON city pack/Materials/Material_meshs/flower 1 A.mat using Guid(efa2ffc1b27c4ea44b60666ce2206332) Importer(815301076,1909f56bfc062723c751e8b465ee728b)  -> (artifact id: '32e5bcf73bf08375d8b1057459f21db6') in 0.018605 seconds 
========================================================================
Received Import Request.
  Time since last request: 0.000028 seconds.
  path: Assets/AssetStore/POLYGON city pack/Materials/Material_meshs/fence c.mat
  artifactKey: Guid(53122f49a4909e643b53a64f5ef6848e) Importer(815301076,1909f56bfc062723c751e8b465ee728b)
Start importing Assets/AssetStore/POLYGON city pack/Materials/Material_meshs/fence c.mat using Guid(53122f49a4909e643b53a64f5ef6848e) Importer(815301076,1909f56bfc062723c751e8b465ee728b)  -> (artifact id: 'dfe41a505b8c82f55d1c5a1d98780ed7') in 0.022261 seconds 
========================================================================
Received Import Request.
  Time since last request: 0.000027 seconds.
  path: Assets/AssetStore/POLYGON city pack/Meshes,textures/props_FBX/Materials/flower 3 texture.mat
  artifactKey: Guid(2f505530de49da747a967e990a78b500) Importer(815301076,1909f56bfc062723c751e8b465ee728b)
Start importing Assets/AssetStore/POLYGON city pack/Meshes,textures/props_FBX/Materials/flower 3 texture.mat using Guid(2f505530de49da747a967e990a78b500) Importer(815301076,1909f56bfc062723c751e8b465ee728b)  -> (artifact id: '5d64e7b7ea7a9eb834ceff19034c221a') in 0.020611 seconds 
========================================================================
Received Import Request.
  Time since last request: 0.000036 seconds.
  path: Assets/AssetStore/POLYGON city pack/Meshes,textures/Buildings_FBX/Materials/Fire_escape_04.mat
  artifactKey: Guid(12ccd3a845e37e3409541e3db2e2440c) Importer(815301076,1909f56bfc062723c751e8b465ee728b)
Start importing Assets/AssetStore/POLYGON city pack/Meshes,textures/Buildings_FBX/Materials/Fire_escape_04.mat using Guid(12ccd3a845e37e3409541e3db2e2440c) Importer(815301076,1909f56bfc062723c751e8b465ee728b)  -> (artifact id: 'be4eb527a4045cc9b049b40e4249931d') in 0.020252 seconds 
========================================================================
Received Import Request.
  Time since last request: 0.000034 seconds.
  path: Assets/AssetStore/POLYGON city pack/Materials/Material_meshs/flower 1 A 3.mat
  artifactKey: Guid(9f6654a126b6e3848b52081604f6f1aa) Importer(815301076,1909f56bfc062723c751e8b465ee728b)
Start importing Assets/AssetStore/POLYGON city pack/Materials/Material_meshs/flower 1 A 3.mat using Guid(9f6654a126b6e3848b52081604f6f1aa) Importer(815301076,1909f56bfc062723c751e8b465ee728b)  -> (artifact id: 'd78b8b228e4f86cff49ceb397ea0a085') in 0.020447 seconds 
========================================================================
Received Import Request.
  Time since last request: 0.000025 seconds.
  path: Assets/TextMesh Pro/Fonts/LiberationSans.ttf
  artifactKey: Guid(e3265ab4bf004d28a9537516768c1c75) Importer(815301076,1909f56bfc062723c751e8b465ee728b)
Start importing Assets/TextMesh Pro/Fonts/LiberationSans.ttf using Guid(e3265ab4bf004d28a9537516768c1c75) Importer(815301076,1909f56bfc062723c751e8b465ee728b)  -> (artifact id: 'f3bd036785823e2281556a384dd6489b') in 0.074575 seconds 
========================================================================
Received Import Request.
  Time since last request: 0.000024 seconds.
  path: Assets/AssetStore/POLYGON city pack/Materials/Material_meshs/flower 1 A 1.mat
  artifactKey: Guid(da16c8876ed8cdc4c8ab238d3c0bc186) Importer(815301076,1909f56bfc062723c751e8b465ee728b)
Start importing Assets/AssetStore/POLYGON city pack/Materials/Material_meshs/flower 1 A 1.mat using Guid(da16c8876ed8cdc4c8ab238d3c0bc186) Importer(815301076,1909f56bfc062723c751e8b465ee728b)  -> (artifact id: '42ef2bd16951d317cf7829e9437c54ce') in 0.021329 seconds 
========================================================================
Received Import Request.
  Time since last request: 0.325459 seconds.
  path: Assets/AssetStore/POLYGON city pack/Meshes,textures/props_FBX/Materials/Food_seller_car.mat
  artifactKey: Guid(942eb5b8ac496754caa18960c27c7ab1) Importer(815301076,1909f56bfc062723c751e8b465ee728b)
Start importing Assets/AssetStore/POLYGON city pack/Meshes,textures/props_FBX/Materials/Food_seller_car.mat using Guid(942eb5b8ac496754caa18960c27c7ab1) Importer(815301076,1909f56bfc062723c751e8b465ee728b)  -> (artifact id: '1b14e613451208ea17a98a09f4f1e10d') in 0.018724 seconds 
========================================================================
Received Import Request.
  Time since last request: 0.000027 seconds.
  path: Assets/AssetStore/POLYGON city pack/Meshes,textures/Buildings_FBX/Materials/Frames.mat
  artifactKey: Guid(45980aeefb12c3847889347b95fc9d56) Importer(815301076,1909f56bfc062723c751e8b465ee728b)
Start importing Assets/AssetStore/POLYGON city pack/Meshes,textures/Buildings_FBX/Materials/Frames.mat using Guid(45980aeefb12c3847889347b95fc9d56) Importer(815301076,1909f56bfc062723c751e8b465ee728b)  -> (artifact id: '96872fd37d2b667912343b896a40f582') in 0.017819 seconds 
========================================================================
Received Import Request.
  Time since last request: 0.000024 seconds.
  path: Assets/AssetStore/POLYGON city pack/Materials/Colors_buildings/G2.mat
  artifactKey: Guid(8a92d92c33dbd87489558551e9ce75ce) Importer(815301076,1909f56bfc062723c751e8b465ee728b)
Start importing Assets/AssetStore/POLYGON city pack/Materials/Colors_buildings/G2.mat using Guid(8a92d92c33dbd87489558551e9ce75ce) Importer(815301076,1909f56bfc062723c751e8b465ee728b)  -> (artifact id: '8e2bcbfc0a8a684285f0d8fd9b72c401') in 0.017988 seconds 
========================================================================
Received Import Request.
  Time since last request: 0.000034 seconds.
  path: Assets/AssetStore/POLYGON city pack/Meshes,textures/props_FBX/Materials/glass.mat
  artifactKey: Guid(90e58d4b45e208b43bb32d978ad328d5) Importer(815301076,1909f56bfc062723c751e8b465ee728b)
Start importing Assets/AssetStore/POLYGON city pack/Meshes,textures/props_FBX/Materials/glass.mat using Guid(90e58d4b45e208b43bb32d978ad328d5) Importer(815301076,1909f56bfc062723c751e8b465ee728b)  -> (artifact id: '0f6ad8debcb7aa33896f329d9e188fe6') in 0.012632 seconds 
========================================================================
Received Import Request.
  Time since last request: 0.003451 seconds.
  path: Assets/AssetStore/POLYGON city pack/Meshes,textures/props_FBX/Materials/Glass coke.mat
  artifactKey: Guid(23c2eb0032c7b9c419ea560119ad5e93) Importer(815301076,1909f56bfc062723c751e8b465ee728b)
Start importing Assets/AssetStore/POLYGON city pack/Meshes,textures/props_FBX/Materials/Glass coke.mat using Guid(23c2eb0032c7b9c419ea560119ad5e93) Importer(815301076,1909f56bfc062723c751e8b465ee728b)  -> (artifact id: 'bc1a01bddfb611e455bd61266dbde28c') in 0.016602 seconds 
========================================================================
Received Import Request.
  Time since last request: 0.020922 seconds.
  path: Assets/AssetStore/POLYGON city pack/Meshes,textures/Buildings_FBX/Materials/goals.mat
  artifactKey: Guid(0a430987d9aed0545acead99ebaec055) Importer(815301076,1909f56bfc062723c751e8b465ee728b)
Start importing Assets/AssetStore/POLYGON city pack/Meshes,textures/Buildings_FBX/Materials/goals.mat using Guid(0a430987d9aed0545acead99ebaec055) Importer(815301076,1909f56bfc062723c751e8b465ee728b)  -> (artifact id: '1b0858de647356cf818df30c70f241d2') in 0.020314 seconds 
========================================================================
Received Import Request.
  Time since last request: 0.000025 seconds.
  path: Assets/AssetStore/POLYGON city pack/Meshes,textures/props_FBX/Materials/Grass.mat
  artifactKey: Guid(cf541363ff7987b49909c09eeb42ffff) Importer(815301076,1909f56bfc062723c751e8b465ee728b)
Start importing Assets/AssetStore/POLYGON city pack/Meshes,textures/props_FBX/Materials/Grass.mat using Guid(cf541363ff7987b49909c09eeb42ffff) Importer(815301076,1909f56bfc062723c751e8b465ee728b)  -> (artifact id: '205baf3b3bd584cc0acef14c54dddfbc') in 0.016890 seconds 
========================================================================
Received Import Request.
  Time since last request: 0.000026 seconds.
  path: Assets/Materials/Green.mat
  artifactKey: Guid(1f9d83fe06537d245a2975ee2d4bba82) Importer(815301076,1909f56bfc062723c751e8b465ee728b)
Start importing Assets/Materials/Green.mat using Guid(1f9d83fe06537d245a2975ee2d4bba82) Importer(815301076,1909f56bfc062723c751e8b465ee728b)  -> (artifact id: 'ba65548d4bbe338417bf6a106c8b1a0b') in 0.018971 seconds 
========================================================================
Received Import Request.
  Time since last request: 0.000029 seconds.
  path: Assets/AssetStore/POLYGON city pack/Meshes,textures/Buildings_FBX/Materials/Grid_01.mat
  artifactKey: Guid(4fa15fe1e8e97a74681d459b4db7aa0c) Importer(815301076,1909f56bfc062723c751e8b465ee728b)
Start importing Assets/AssetStore/POLYGON city pack/Meshes,textures/Buildings_FBX/Materials/Grid_01.mat using Guid(4fa15fe1e8e97a74681d459b4db7aa0c) Importer(815301076,1909f56bfc062723c751e8b465ee728b)  -> (artifact id: 'de7ce549a853a361b20e4f1ccfd9ba35') in 0.020588 seconds 
========================================================================
Received Import Request.
  Time since last request: 0.000025 seconds.
  path: Assets/Materials/Grass.mat
  artifactKey: Guid(8b15001564bb8084e8696582fdaf2cf6) Importer(815301076,1909f56bfc062723c751e8b465ee728b)
Start importing Assets/Materials/Grass.mat using Guid(8b15001564bb8084e8696582fdaf2cf6) Importer(815301076,1909f56bfc062723c751e8b465ee728b)  -> (artifact id: '5c848d832008b34e414bb551223229b1') in 0.016562 seconds 
========================================================================
Received Import Request.
  Time since last request: 0.000026 seconds.
  path: Assets/AssetStore/POLYGON city pack/Meshes,textures/Buildings_FBX/Materials/Grass.mat
  artifactKey: Guid(90d9d8f92112a334b88d846522814ee4) Importer(815301076,1909f56bfc062723c751e8b465ee728b)
Start importing Assets/AssetStore/POLYGON city pack/Meshes,textures/Buildings_FBX/Materials/Grass.mat using Guid(90d9d8f92112a334b88d846522814ee4) Importer(815301076,1909f56bfc062723c751e8b465ee728b)  -> (artifact id: 'e37bb8a4230f0345c25891bb30436602') in 0.018442 seconds 
========================================================================
Received Import Request.
  Time since last request: 0.000024 seconds.
  path: Assets/AssetStore/Sci Fi Gun Light/_materials/GunTwo/GunTwoBlack.mat
  artifactKey: Guid(a501bb00c34251540a7cffaba4f07182) Importer(815301076,1909f56bfc062723c751e8b465ee728b)
Start importing Assets/AssetStore/Sci Fi Gun Light/_materials/GunTwo/GunTwoBlack.mat using Guid(a501bb00c34251540a7cffaba4f07182) Importer(815301076,1909f56bfc062723c751e8b465ee728b)  -> (artifact id: '7ae7d3a7d204372cdf626ae51bc5d7d0') in 0.124825 seconds 
========================================================================
Received Import Request.
  Time since last request: 0.078893 seconds.
  path: Assets/AssetStore/Sci Fi Gun Light/_materials/GunTwo/GunTwoWhite.mat
  artifactKey: Guid(f59d38d7fdabd3048a6eec44cfa5365f) Importer(815301076,1909f56bfc062723c751e8b465ee728b)
Start importing Assets/AssetStore/Sci Fi Gun Light/_materials/GunTwo/GunTwoWhite.mat using Guid(f59d38d7fdabd3048a6eec44cfa5365f) Importer(815301076,1909f56bfc062723c751e8b465ee728b)  -> (artifact id: '59437f66ada91a51193215b4dcb4092b') in 0.073556 seconds 
========================================================================
Received Import Request.
  Time since last request: 0.000027 seconds.
  path: Assets/AssetStore/POLYGON city pack/Materials/Colors_buildings/I2.mat
  artifactKey: Guid(cea0c4191eb5cb440aa5355d44958681) Importer(815301076,1909f56bfc062723c751e8b465ee728b)
Start importing Assets/AssetStore/POLYGON city pack/Materials/Colors_buildings/I2.mat using Guid(cea0c4191eb5cb440aa5355d44958681) Importer(815301076,1909f56bfc062723c751e8b465ee728b)  -> (artifact id: 'eb3e86bc02c1ce27c02a0f4aa1124005') in 0.027732 seconds 
========================================================================
Received Import Request.
  Time since last request: 0.000027 seconds.
  path: Assets/AssetStore/POLYGON city pack/Meshes,textures/Shops_FBX/Materials/Info_sign_01.mat
  artifactKey: Guid(b48635d2150e72b4b9122f09693e27a6) Importer(815301076,1909f56bfc062723c751e8b465ee728b)
Start importing Assets/AssetStore/POLYGON city pack/Meshes,textures/Shops_FBX/Materials/Info_sign_01.mat using Guid(b48635d2150e72b4b9122f09693e27a6) Importer(815301076,1909f56bfc062723c751e8b465ee728b)  -> (artifact id: '3b9af72e6fea198f5ec55256352ce910') in 0.022058 seconds 
========================================================================
Received Import Request.
  Time since last request: 0.000043 seconds.
  path: Assets/AssetStore/POLYGON city pack/Materials/Colors_buildings/K4.mat
  artifactKey: Guid(711bad159df31524ca17958a0c56fbf5) Importer(815301076,1909f56bfc062723c751e8b465ee728b)
Start importing Assets/AssetStore/POLYGON city pack/Materials/Colors_buildings/K4.mat using Guid(711bad159df31524ca17958a0c56fbf5) Importer(815301076,1909f56bfc062723c751e8b465ee728b)  -> (artifact id: '81eb0e5d6d919c2cf9a98800bc2332cb') in 0.022491 seconds 
========================================================================
Received Import Request.
  Time since last request: 0.000040 seconds.
  path: Assets/AssetStore/POLYGON city pack/Materials/Colors_buildings/k12.mat
  artifactKey: Guid(8d50894cec04b584c99d0e15c717bf2e) Importer(815301076,1909f56bfc062723c751e8b465ee728b)
Start importing Assets/AssetStore/POLYGON city pack/Materials/Colors_buildings/k12.mat using Guid(8d50894cec04b584c99d0e15c717bf2e) Importer(815301076,1909f56bfc062723c751e8b465ee728b)  -> (artifact id: '42c1ad5900e7a038e4577a272349af1c') in 0.018980 seconds 
========================================================================
Received Import Request.
  Time since last request: 0.000033 seconds.
  path: Assets/AssetStore/POLYGON city pack/Meshes,textures/props_FBX/Materials/leafes.mat
  artifactKey: Guid(144d0d90c4ed5154b83f6fcbd40b4bbb) Importer(815301076,1909f56bfc062723c751e8b465ee728b)
Start importing Assets/AssetStore/POLYGON city pack/Meshes,textures/props_FBX/Materials/leafes.mat using Guid(144d0d90c4ed5154b83f6fcbd40b4bbb) Importer(815301076,1909f56bfc062723c751e8b465ee728b)  -> (artifact id: '3a08f7b1b644e441adabbdf6387dada6') in 0.022274 seconds 
========================================================================
Received Import Request.
  Time since last request: 0.000029 seconds.
  path: Assets/TextMesh Pro/Resources/Fonts & Materials/LiberationSans SDF - Drop Shadow.mat
  artifactKey: Guid(e73a58f6e2794ae7b1b7e50b7fb811b0) Importer(815301076,1909f56bfc062723c751e8b465ee728b)
Start importing Assets/TextMesh Pro/Resources/Fonts & Materials/LiberationSans SDF - Drop Shadow.mat using Guid(e73a58f6e2794ae7b1b7e50b7fb811b0) Importer(815301076,1909f56bfc062723c751e8b465ee728b)  -> (artifact id: '01d3ba7aa18c9986e010006f3149e10f') in 0.049741 seconds 
========================================================================
Received Import Request.
  Time since last request: 0.000026 seconds.
  path: Assets/AssetStore/POLYGON city pack/Meshes,textures/props_FBX/Materials/light  2 c.mat
  artifactKey: Guid(4e5b366c6bcdaed49bccab27d97ce600) Importer(815301076,1909f56bfc062723c751e8b465ee728b)
Start importing Assets/AssetStore/POLYGON city pack/Meshes,textures/props_FBX/Materials/light  2 c.mat using Guid(4e5b366c6bcdaed49bccab27d97ce600) Importer(815301076,1909f56bfc062723c751e8b465ee728b)  -> (artifact id: '0923f809221368971fb44d526f0fe8e5') in 0.018553 seconds 
========================================================================
Received Import Request.
  Time since last request: 0.000026 seconds.
  path: Assets/AssetStore/POLYGON city pack/Materials/Material_meshs/Hotdog.mat
  artifactKey: Guid(bd9bec7cf2974734483242b0897728e0) Importer(815301076,1909f56bfc062723c751e8b465ee728b)
Start importing Assets/AssetStore/POLYGON city pack/Materials/Material_meshs/Hotdog.mat using Guid(bd9bec7cf2974734483242b0897728e0) Importer(815301076,1909f56bfc062723c751e8b465ee728b)  -> (artifact id: '70e323ce0cb49c4b72ebadfee143f83b') in 0.017546 seconds 
========================================================================
Received Import Request.
  Time since last request: 0.000026 seconds.
  path: Assets/AssetStore/POLYGON city pack/Meshes,textures/props_FBX/Materials/light 1 a.001.mat
  artifactKey: Guid(2cf284bdae2eb9043886eb2aa7209709) Importer(815301076,1909f56bfc062723c751e8b465ee728b)
Start importing Assets/AssetStore/POLYGON city pack/Meshes,textures/props_FBX/Materials/light 1 a.001.mat using Guid(2cf284bdae2eb9043886eb2aa7209709) Importer(815301076,1909f56bfc062723c751e8b465ee728b)  -> (artifact id: 'b0e3a764e8b81f2034adf9ca461ad62b') in 0.017083 seconds 
========================================================================
Received Import Request.
  Time since last request: 0.000029 seconds.
  path: Assets/AssetStore/POLYGON city pack/Meshes,textures/props_FBX/Materials/light.mat
  artifactKey: Guid(d3841d7a81a2f7d4dbd89b0bb003f7ce) Importer(815301076,1909f56bfc062723c751e8b465ee728b)
Start importing Assets/AssetStore/POLYGON city pack/Meshes,textures/props_FBX/Materials/light.mat using Guid(d3841d7a81a2f7d4dbd89b0bb003f7ce) Importer(815301076,1909f56bfc062723c751e8b465ee728b)  -> (artifact id: '50769dd7c05f3a370915c0dc0ecf3f1d') in 0.021222 seconds 
========================================================================
Received Import Request.
  Time since last request: 0.000031 seconds.
  path: Assets/AssetStore/POLYGON city pack/Materials/Colors_buildings/K3.mat
  artifactKey: Guid(623f2cfcc0ce09149a6f467ad4256295) Importer(815301076,1909f56bfc062723c751e8b465ee728b)
Start importing Assets/AssetStore/POLYGON city pack/Materials/Colors_buildings/K3.mat using Guid(623f2cfcc0ce09149a6f467ad4256295) Importer(815301076,1909f56bfc062723c751e8b465ee728b)  -> (artifact id: '58597f3958472b568eae211c1f925f78') in 0.017842 seconds 
========================================================================
Received Import Request.
  Time since last request: 0.014144 seconds.
  path: Assets/AssetStore/POLYGON city pack/Meshes,textures/props_FBX/Materials/light 1 a.002.mat
  artifactKey: Guid(00ce394a25dd83145ba807b6cb9600ad) Importer(815301076,1909f56bfc062723c751e8b465ee728b)
Start importing Assets/AssetStore/POLYGON city pack/Meshes,textures/props_FBX/Materials/light 1 a.002.mat using Guid(00ce394a25dd83145ba807b6cb9600ad) Importer(815301076,1909f56bfc062723c751e8b465ee728b)  -> (artifact id: '37c8d13c317d0f38f110b4d19680b0df') in 0.013782 seconds 
========================================================================
Received Import Request.
  Time since last request: 0.000022 seconds.
  path: Assets/AssetStore/POLYGON city pack/Meshes,textures/props_FBX/Materials/light 2 a .001.mat
  artifactKey: Guid(f18980f497319294f9bf42d6dcd60b31) Importer(815301076,1909f56bfc062723c751e8b465ee728b)
Start importing Assets/AssetStore/POLYGON city pack/Meshes,textures/props_FBX/Materials/light 2 a .001.mat using Guid(f18980f497319294f9bf42d6dcd60b31) Importer(815301076,1909f56bfc062723c751e8b465ee728b)  -> (artifact id: '191d01311bd101d20ea0b280993c5806') in 0.015580 seconds 
========================================================================
Received Import Request.
  Time since last request: 0.006538 seconds.
  path: Assets/AssetStore/POLYGON city pack/Meshes,textures/props_FBX/Materials/light 2 a_.mat
  artifactKey: Guid(99c23ee46edcb174f9e5065badc8c433) Importer(815301076,1909f56bfc062723c751e8b465ee728b)
Start importing Assets/AssetStore/POLYGON city pack/Meshes,textures/props_FBX/Materials/light 2 a_.mat using Guid(99c23ee46edcb174f9e5065badc8c433) Importer(815301076,1909f56bfc062723c751e8b465ee728b)  -> (artifact id: '10726e606dfe2501428050ab474fe445') in 0.023759 seconds 
========================================================================
Received Import Request.
  Time since last request: 0.000037 seconds.
  path: Assets/AssetStore/POLYGON city pack/Meshes,textures/props_FBX/Materials/light 3 a.002.mat
  artifactKey: Guid(de1aec007ff5e824d801fd22073e3bab) Importer(815301076,1909f56bfc062723c751e8b465ee728b)
Start importing Assets/AssetStore/POLYGON city pack/Meshes,textures/props_FBX/Materials/light 3 a.002.mat using Guid(de1aec007ff5e824d801fd22073e3bab) Importer(815301076,1909f56bfc062723c751e8b465ee728b)  -> (artifact id: 'edb3933c4489d8e5cbe358930d8136d9') in 0.020848 seconds 
========================================================================
Received Import Request.
  Time since last request: 0.043234 seconds.
  path: Assets/AssetStore/POLYGON city pack/Meshes,textures/Buildings_FBX/Materials/M2.mat
  artifactKey: Guid(a765efe59e987d4419c96b99c98f29a7) Importer(815301076,1909f56bfc062723c751e8b465ee728b)
Start importing Assets/AssetStore/POLYGON city pack/Meshes,textures/Buildings_FBX/Materials/M2.mat using Guid(a765efe59e987d4419c96b99c98f29a7) Importer(815301076,1909f56bfc062723c751e8b465ee728b)  -> (artifact id: 'd95896a05adc70bdbeafcb4204aba6a0') in 0.015023 seconds 
========================================================================
Received Import Request.
  Time since last request: 0.138995 seconds.
  path: Assets/AssetStore/POLYGON city pack/Meshes,textures/props_FBX/Materials/main_02.mat
  artifactKey: Guid(441e0f39cf36a6b45b66606d154e51fa) Importer(815301076,1909f56bfc062723c751e8b465ee728b)
Start importing Assets/AssetStore/POLYGON city pack/Meshes,textures/props_FBX/Materials/main_02.mat using Guid(441e0f39cf36a6b45b66606d154e51fa) Importer(815301076,1909f56bfc062723c751e8b465ee728b)  -> (artifact id: '00897fc900ab1b49f511a6642900310f') in 0.014541 seconds 
========================================================================
Received Import Request.
  Time since last request: 0.000026 seconds.
  path: Assets/AssetStore/POLYGON city pack/Meshes,textures/Buildings_FBX/Materials/Material.001.mat
  artifactKey: Guid(ceda5941b3a32cc45b14ca5d823a7874) Importer(815301076,1909f56bfc062723c751e8b465ee728b)
Start importing Assets/AssetStore/POLYGON city pack/Meshes,textures/Buildings_FBX/Materials/Material.001.mat using Guid(ceda5941b3a32cc45b14ca5d823a7874) Importer(815301076,1909f56bfc062723c751e8b465ee728b)  -> (artifact id: '8542959d466dffcd5d7a0dca472de6db') in 0.022513 seconds 
========================================================================
Received Import Request.
  Time since last request: 0.002911 seconds.
  path: Assets/AssetStore/POLYGON city pack/Meshes,textures/Buildings_FBX/Materials/Material.002.mat
  artifactKey: Guid(8261c10d70539fa4db047fe726ff1f09) Importer(815301076,1909f56bfc062723c751e8b465ee728b)
Start importing Assets/AssetStore/POLYGON city pack/Meshes,textures/Buildings_FBX/Materials/Material.002.mat using Guid(8261c10d70539fa4db047fe726ff1f09) Importer(815301076,1909f56bfc062723c751e8b465ee728b)  -> (artifact id: '0bc2f12c231a00ad1dd3647547019e25') in 0.016609 seconds 
========================================================================
Received Import Request.
  Time since last request: 0.000029 seconds.
  path: Assets/AssetStore/POLYGON city pack/Meshes,textures/Buildings_FBX/Materials/Material.004.mat
  artifactKey: Guid(7606dd6447d4d7e41bdf2d8cd3eefd1a) Importer(815301076,1909f56bfc062723c751e8b465ee728b)
Start importing Assets/AssetStore/POLYGON city pack/Meshes,textures/Buildings_FBX/Materials/Material.004.mat using Guid(7606dd6447d4d7e41bdf2d8cd3eefd1a) Importer(815301076,1909f56bfc062723c751e8b465ee728b)  -> (artifact id: 'ec7ecd2b2218bb7b79008bbbc0de4770') in 0.017145 seconds 
========================================================================
Received Import Request.
  Time since last request: 0.099507 seconds.
  path: Assets/AssetStore/POLYGON city pack/Meshes,textures/lamps fbx/Materials/Material.007.mat
  artifactKey: Guid(573e627fd87603c45a297e66c4ad0e76) Importer(815301076,1909f56bfc062723c751e8b465ee728b)
Start importing Assets/AssetStore/POLYGON city pack/Meshes,textures/lamps fbx/Materials/Material.007.mat using Guid(573e627fd87603c45a297e66c4ad0e76) Importer(815301076,1909f56bfc062723c751e8b465ee728b)  -> (artifact id: '6df7e06354b807baa3ddab42100022ab') in 0.015335 seconds 
========================================================================
Received Import Request.
  Time since last request: 0.000025 seconds.
  path: Assets/AssetStore/POLYGON city pack/Meshes,textures/lamps fbx/Materials/Material.012.mat
  artifactKey: Guid(e52f3fca3932ca14fb4bd29705f49aa7) Importer(815301076,1909f56bfc062723c751e8b465ee728b)
Start importing Assets/AssetStore/POLYGON city pack/Meshes,textures/lamps fbx/Materials/Material.012.mat using Guid(e52f3fca3932ca14fb4bd29705f49aa7) Importer(815301076,1909f56bfc062723c751e8b465ee728b)  -> (artifact id: 'b7876c54a957d46f09ce4716e5515039') in 0.018374 seconds 
========================================================================
Received Import Request.
  Time since last request: 0.004468 seconds.
  path: Assets/AssetStore/POLYGON city pack/Meshes,textures/lamps fbx/Materials/Material.014.mat
  artifactKey: Guid(1349a95e3e1d75145bb55d9fa31f4466) Importer(815301076,1909f56bfc062723c751e8b465ee728b)
Start importing Assets/AssetStore/POLYGON city pack/Meshes,textures/lamps fbx/Materials/Material.014.mat using Guid(1349a95e3e1d75145bb55d9fa31f4466) Importer(815301076,1909f56bfc062723c751e8b465ee728b)  -> (artifact id: 'f1e39408b2d8e4e5b1e9bdb16e84bd9d') in 0.013704 seconds 
========================================================================
Received Import Request.
  Time since last request: 0.000022 seconds.
  path: Assets/AssetStore/POLYGON city pack/Meshes,textures/lamps fbx/Materials/Material.016.mat
  artifactKey: Guid(6b202c0eb52218642a907c98d38ec954) Importer(815301076,1909f56bfc062723c751e8b465ee728b)
Start importing Assets/AssetStore/POLYGON city pack/Meshes,textures/lamps fbx/Materials/Material.016.mat using Guid(6b202c0eb52218642a907c98d38ec954) Importer(815301076,1909f56bfc062723c751e8b465ee728b)  -> (artifact id: '74f5fabe314d982e2e6e292cda71d3d0') in 0.014210 seconds 
========================================================================
Received Import Request.
  Time since last request: 0.000027 seconds.
  path: Assets/AssetStore/POLYGON city pack/Meshes,textures/lamps fbx/Materials/Material.018.mat
  artifactKey: Guid(eba715dc78bb41e43be907196b991995) Importer(815301076,1909f56bfc062723c751e8b465ee728b)
Start importing Assets/AssetStore/POLYGON city pack/Meshes,textures/lamps fbx/Materials/Material.018.mat using Guid(eba715dc78bb41e43be907196b991995) Importer(815301076,1909f56bfc062723c751e8b465ee728b)  -> (artifact id: '35220aa9241590e24a6f9953bd64d7ef') in 0.022087 seconds 
========================================================================
Received Import Request.
  Time since last request: 0.000035 seconds.
  path: Assets/AssetStore/POLYGON city pack/Meshes,textures/Shops_FBX/Materials/Metal_02.mat
  artifactKey: Guid(0cc1f4c6c6448f74598f6235c03e4ad2) Importer(815301076,1909f56bfc062723c751e8b465ee728b)
Start importing Assets/AssetStore/POLYGON city pack/Meshes,textures/Shops_FBX/Materials/Metal_02.mat using Guid(0cc1f4c6c6448f74598f6235c03e4ad2) Importer(815301076,1909f56bfc062723c751e8b465ee728b)  -> (artifact id: 'd930243d72f1ca7f15f6d26ae89e51c0') in 0.019434 seconds 
========================================================================
Received Import Request.
  Time since last request: 0.000079 seconds.
  path: Assets/AssetStore/POLYGON city pack/Materials/Material_meshs/parking meter.mat
  artifactKey: Guid(a2d7929290d968846afe406302bf3fa6) Importer(815301076,1909f56bfc062723c751e8b465ee728b)
Start importing Assets/AssetStore/POLYGON city pack/Materials/Material_meshs/parking meter.mat using Guid(a2d7929290d968846afe406302bf3fa6) Importer(815301076,1909f56bfc062723c751e8b465ee728b)  -> (artifact id: 'f51837ca03e792bf6e0f348d6c173a44') in 0.023688 seconds 
========================================================================
Received Import Request.
  Time since last request: 0.000026 seconds.
  path: Assets/AssetStore/POLYGON city pack/Materials/Material_meshs/phone botth.mat
  artifactKey: Guid(910d545f9ccbd0445bfb10c95945ac9e) Importer(815301076,1909f56bfc062723c751e8b465ee728b)
Start importing Assets/AssetStore/POLYGON city pack/Materials/Material_meshs/phone botth.mat using Guid(910d545f9ccbd0445bfb10c95945ac9e) Importer(815301076,1909f56bfc062723c751e8b465ee728b)  -> (artifact id: 'e7f3e1824522c307bf8e84ae313aa7f2') in 0.022014 seconds 
========================================================================
Received Import Request.
  Time since last request: 0.000043 seconds.
  path: Assets/AssetStore/POLYGON city pack/Meshes,textures/Buildings_FBX/Materials/Poles.mat
  artifactKey: Guid(d7860831e5a1044448a45fa973897536) Importer(815301076,1909f56bfc062723c751e8b465ee728b)
Start importing Assets/AssetStore/POLYGON city pack/Meshes,textures/Buildings_FBX/Materials/Poles.mat using Guid(d7860831e5a1044448a45fa973897536) Importer(815301076,1909f56bfc062723c751e8b465ee728b)  -> (artifact id: 'ddb006223a5bf66fad680b6059722292') in 0.019617 seconds 
========================================================================
Received Import Request.
  Time since last request: 0.000027 seconds.
  path: Assets/AssetStore/POLYGON city pack/Meshes,textures/props_FBX/Materials/Pot.mat
  artifactKey: Guid(c2fb6465c106b734ab1ee5a166e2a7c1) Importer(815301076,1909f56bfc062723c751e8b465ee728b)
Start importing Assets/AssetStore/POLYGON city pack/Meshes,textures/props_FBX/Materials/Pot.mat using Guid(c2fb6465c106b734ab1ee5a166e2a7c1) Importer(815301076,1909f56bfc062723c751e8b465ee728b)  -> (artifact id: '8dbcb0ec0edc932440c2be5df64b8846') in 0.019935 seconds 
========================================================================
Received Import Request.
  Time since last request: 0.000023 seconds.
  path: Assets/AssetStore/POLYGON city pack/Meshes,textures/props_FBX/Materials/props_FBX.mat
  artifactKey: Guid(b742fdefd42bf3549b791027d360d214) Importer(815301076,1909f56bfc062723c751e8b465ee728b)
Start importing Assets/AssetStore/POLYGON city pack/Meshes,textures/props_FBX/Materials/props_FBX.mat using Guid(b742fdefd42bf3549b791027d360d214) Importer(815301076,1909f56bfc062723c751e8b465ee728b)  -> (artifact id: 'd532abbe261282df198a4281a9d0b1dc') in 0.018858 seconds 
========================================================================
Received Import Request.
  Time since last request: 0.000023 seconds.
  path: Assets/AssetStore/POLYGON city pack/Meshes,textures/Buildings_FBX/Materials/Red.mat
  artifactKey: Guid(d7def7c5e7ec861488fc868e6e28208e) Importer(815301076,1909f56bfc062723c751e8b465ee728b)
Start importing Assets/AssetStore/POLYGON city pack/Meshes,textures/Buildings_FBX/Materials/Red.mat using Guid(d7def7c5e7ec861488fc868e6e28208e) Importer(815301076,1909f56bfc062723c751e8b465ee728b)  -> (artifact id: 'c87f47afe755d68282b7da6ba3c9e03e') in 0.015423 seconds 
========================================================================
Received Import Request.
  Time since last request: 0.000022 seconds.
  path: Assets/AssetStore/POLYGON city pack/Meshes,textures/Shops_FBX/Materials/Roof_01.mat
  artifactKey: Guid(94696599c927f2f4098bd1a6d5daddb4) Importer(815301076,1909f56bfc062723c751e8b465ee728b)
Start importing Assets/AssetStore/POLYGON city pack/Meshes,textures/Shops_FBX/Materials/Roof_01.mat using Guid(94696599c927f2f4098bd1a6d5daddb4) Importer(815301076,1909f56bfc062723c751e8b465ee728b)  -> (artifact id: 'f8c1078eeef31409dc0f35e6feab6398') in 0.025122 seconds 
========================================================================
Received Import Request.
  Time since last request: 0.000030 seconds.
  path: Assets/AssetStore/POLYGON city pack/Meshes,textures/Buildings_FBX/Materials/roof2.mat
  artifactKey: Guid(82c1835482fb6394a98cd109586a0345) Importer(815301076,1909f56bfc062723c751e8b465ee728b)
Start importing Assets/AssetStore/POLYGON city pack/Meshes,textures/Buildings_FBX/Materials/roof2.mat using Guid(82c1835482fb6394a98cd109586a0345) Importer(815301076,1909f56bfc062723c751e8b465ee728b)  -> (artifact id: 'e0bc13238cf299f193fc135910037786') in 0.018199 seconds 
========================================================================
Received Import Request.
  Time since last request: 0.000050 seconds.
  path: Assets/AssetStore/POLYGON city pack/Meshes,textures/Buildings_FBX/Materials/platt 2.mat
  artifactKey: Guid(5e630e1c520e873418764ba99ff41b90) Importer(815301076,1909f56bfc062723c751e8b465ee728b)
Start importing Assets/AssetStore/POLYGON city pack/Meshes,textures/Buildings_FBX/Materials/platt 2.mat using Guid(5e630e1c520e873418764ba99ff41b90) Importer(815301076,1909f56bfc062723c751e8b465ee728b)  -> (artifact id: 'bf4b2c7a08367774ea73dba0407495b6') in 0.016607 seconds 
========================================================================
Received Import Request.
  Time since last request: 0.000027 seconds.
  path: Assets/AssetStore/POLYGON city pack/Meshes,textures/Shops_FBX/Materials/Roof_02.mat
  artifactKey: Guid(7cd7aef8730edc148a5de9d354b541c5) Importer(815301076,1909f56bfc062723c751e8b465ee728b)
Start importing Assets/AssetStore/POLYGON city pack/Meshes,textures/Shops_FBX/Materials/Roof_02.mat using Guid(7cd7aef8730edc148a5de9d354b541c5) Importer(815301076,1909f56bfc062723c751e8b465ee728b)  -> (artifact id: 'c299858f1a64cc7242fbac530c162070') in 0.017413 seconds 
========================================================================
Received Import Request.
  Time since last request: 0.000022 seconds.
  path: Assets/AssetStore/POLYGON city pack/Meshes,textures/traffic signs FBX/Materials/parking sign.mat
  artifactKey: Guid(0f5ddd6b44e585643a5a1f13ef748f10) Importer(815301076,1909f56bfc062723c751e8b465ee728b)
Start importing Assets/AssetStore/POLYGON city pack/Meshes,textures/traffic signs FBX/Materials/parking sign.mat using Guid(0f5ddd6b44e585643a5a1f13ef748f10) Importer(815301076,1909f56bfc062723c751e8b465ee728b)  -> (artifact id: 'fa8f4e518d1840b3dcef28aeced9e476') in 0.020463 seconds 
========================================================================
Received Import Request.
  Time since last request: 0.000035 seconds.
  path: Assets/AssetStore/POLYGON city pack/Meshes,textures/Buildings_FBX/Materials/roof1.mat
  artifactKey: Guid(4b8bebf60510f7041a0f9be16319f546) Importer(815301076,1909f56bfc062723c751e8b465ee728b)
Start importing Assets/AssetStore/POLYGON city pack/Meshes,textures/Buildings_FBX/Materials/roof1.mat using Guid(4b8bebf60510f7041a0f9be16319f546) Importer(815301076,1909f56bfc062723c751e8b465ee728b)  -> (artifact id: '2ae669571915ac6a680219307ec6b6bd') in 0.017638 seconds 
========================================================================
Received Import Request.
  Time since last request: 0.281001 seconds.
  path: Assets/AssetStore/POLYGON city pack/Materials/Material_meshs/shop a.mat
  artifactKey: Guid(c06185e5d01b2bb4f86fb038b61445f5) Importer(815301076,1909f56bfc062723c751e8b465ee728b)
Start importing Assets/AssetStore/POLYGON city pack/Materials/Material_meshs/shop a.mat using Guid(c06185e5d01b2bb4f86fb038b61445f5) Importer(815301076,1909f56bfc062723c751e8b465ee728b)  -> (artifact id: 'db5e083a7bd80e787688ebab1838bab9') in 0.022426 seconds 
========================================================================
Received Import Request.
  Time since last request: 0.000030 seconds.
  path: Assets/AssetStore/POLYGON city pack/Meshes,textures/ways_FBX/Materials/SideWalk.006.mat
  artifactKey: Guid(b9967671dc65ce94aa0ae25ec3ccc87c) Importer(815301076,1909f56bfc062723c751e8b465ee728b)
Start importing Assets/AssetStore/POLYGON city pack/Meshes,textures/ways_FBX/Materials/SideWalk.006.mat using Guid(b9967671dc65ce94aa0ae25ec3ccc87c) Importer(815301076,1909f56bfc062723c751e8b465ee728b)  -> (artifact id: '71e572671578390ad2497aa9b8642939') in 0.023190 seconds 
========================================================================
Received Import Request.
  Time since last request: 0.000041 seconds.
  path: Assets/AssetStore/POLYGON city pack/Meshes,textures/ways_FBX/Materials/SideWalk.001.mat
  artifactKey: Guid(81f620ffc698d5f42a8031a1f80d628b) Importer(815301076,1909f56bfc062723c751e8b465ee728b)
Start importing Assets/AssetStore/POLYGON city pack/Meshes,textures/ways_FBX/Materials/SideWalk.001.mat using Guid(81f620ffc698d5f42a8031a1f80d628b) Importer(815301076,1909f56bfc062723c751e8b465ee728b)  -> (artifact id: '8903b14c4d008d5eecd5a373d5086d2f') in 0.020342 seconds 
========================================================================
Received Import Request.
  Time since last request: 0.000033 seconds.
  path: Assets/AssetStore/POLYGON city pack/Meshes,textures/ways_FBX/Materials/Sideway.001.mat
  artifactKey: Guid(25aed3a18f9d95a4783c5752ac6f1217) Importer(815301076,1909f56bfc062723c751e8b465ee728b)
Start importing Assets/AssetStore/POLYGON city pack/Meshes,textures/ways_FBX/Materials/Sideway.001.mat using Guid(25aed3a18f9d95a4783c5752ac6f1217) Importer(815301076,1909f56bfc062723c751e8b465ee728b)  -> (artifact id: '1000888af9f7f90a65a6ad9186234ded') in 0.018109 seconds 
========================================================================
Received Import Request.
  Time since last request: 0.000026 seconds.
  path: Assets/AssetStore/POLYGON city pack/Meshes,textures/Shops_FBX/Materials/Sign_big.mat
  artifactKey: Guid(e81637d1351d5b345b66d1b8af1fef83) Importer(815301076,1909f56bfc062723c751e8b465ee728b)
Start importing Assets/AssetStore/POLYGON city pack/Meshes,textures/Shops_FBX/Materials/Sign_big.mat using Guid(e81637d1351d5b345b66d1b8af1fef83) Importer(815301076,1909f56bfc062723c751e8b465ee728b)  -> (artifact id: '0d717b928ab85d857ba034116bd48bec') in 0.019956 seconds 
========================================================================
Received Import Request.
  Time since last request: 0.000027 seconds.
  path: Assets/AssetStore/POLYGON city pack/Materials/Material_meshs/Sign_traffic 4.mat
  artifactKey: Guid(6211d6c20e4e0f7468c34706610697bc) Importer(815301076,1909f56bfc062723c751e8b465ee728b)
Start importing Assets/AssetStore/POLYGON city pack/Materials/Material_meshs/Sign_traffic 4.mat using Guid(6211d6c20e4e0f7468c34706610697bc) Importer(815301076,1909f56bfc062723c751e8b465ee728b)  -> (artifact id: '6d3a401afb60acabf7a6d1900ab58150') in 0.020207 seconds 
========================================================================
Received Import Request.
  Time since last request: 0.000029 seconds.
  path: Assets/AssetStore/SimpleNaturePack/Materials/SimpleNaturePack_Texture_01.mat
  artifactKey: Guid(93caadf4359ae8143aad35b3145d31af) Importer(815301076,1909f56bfc062723c751e8b465ee728b)
Start importing Assets/AssetStore/SimpleNaturePack/Materials/SimpleNaturePack_Texture_01.mat using Guid(93caadf4359ae8143aad35b3145d31af) Importer(815301076,1909f56bfc062723c751e8b465ee728b)  -> (artifact id: '1a1d7b711295098ccce0c835ce2cd067') in 0.028325 seconds 
========================================================================
Received Import Request.
  Time since last request: 0.000027 seconds.
  path: Assets/AssetStore/POLYGON city pack/Materials/Material_meshs/speed_limit_sign_70.mat
  artifactKey: Guid(140cf9341d9a6c94cb47fa338e4b9a73) Importer(815301076,1909f56bfc062723c751e8b465ee728b)
Start importing Assets/AssetStore/POLYGON city pack/Materials/Material_meshs/speed_limit_sign_70.mat using Guid(140cf9341d9a6c94cb47fa338e4b9a73) Importer(815301076,1909f56bfc062723c751e8b465ee728b)  -> (artifact id: 'f9e708dfb203221f475cd3cb49c089a7') in 0.020179 seconds 
========================================================================
Received Import Request.
  Time since last request: 0.000027 seconds.
  path: Assets/AssetStore/POLYGON city pack/Meshes,textures/props_FBX/Materials/stone 2.001.mat
  artifactKey: Guid(d8f09384e740b544685e7df4c69f7242) Importer(815301076,1909f56bfc062723c751e8b465ee728b)
Start importing Assets/AssetStore/POLYGON city pack/Meshes,textures/props_FBX/Materials/stone 2.001.mat using Guid(d8f09384e740b544685e7df4c69f7242) Importer(815301076,1909f56bfc062723c751e8b465ee728b)  -> (artifact id: '5fc674de2af2234b67f549e1210fe850') in 0.020133 seconds 
========================================================================
Received Import Request.
  Time since last request: 0.000036 seconds.
  path: Assets/AssetStore/POLYGON city pack/Meshes,textures/traffic signs FBX/Materials/stop_sign.mat
  artifactKey: Guid(86400b15e18ecf944b0bad0705a22883) Importer(815301076,1909f56bfc062723c751e8b465ee728b)
Start importing Assets/AssetStore/POLYGON city pack/Meshes,textures/traffic signs FBX/Materials/stop_sign.mat using Guid(86400b15e18ecf944b0bad0705a22883) Importer(815301076,1909f56bfc062723c751e8b465ee728b)  -> (artifact id: 'a1afc6c8d19350326acda7ac57ebfdc7') in 0.022125 seconds 
========================================================================
Received Import Request.
  Time since last request: 0.000035 seconds.
  path: Assets/AssetStore/POLYGON city pack/Materials/Material_meshs/street 3.mat
  artifactKey: Guid(7e20040aa26e36443b2ae6d45e7b8ff6) Importer(815301076,1909f56bfc062723c751e8b465ee728b)
Start importing Assets/AssetStore/POLYGON city pack/Materials/Material_meshs/street 3.mat using Guid(7e20040aa26e36443b2ae6d45e7b8ff6) Importer(815301076,1909f56bfc062723c751e8b465ee728b)  -> (artifact id: '24d8758ed2ffb619e7ba286ea6b7ab8d') in 0.027001 seconds 
========================================================================
Received Import Request.
  Time since last request: 0.000023 seconds.
  path: Assets/AssetStore/POLYGON city pack/Meshes,textures/Buildings_FBX/Materials/Stone_01.mat
  artifactKey: Guid(5d0bac34263b52a4d82923b730a66c3c) Importer(815301076,1909f56bfc062723c751e8b465ee728b)
Start importing Assets/AssetStore/POLYGON city pack/Meshes,textures/Buildings_FBX/Materials/Stone_01.mat using Guid(5d0bac34263b52a4d82923b730a66c3c) Importer(815301076,1909f56bfc062723c751e8b465ee728b)  -> (artifact id: '967c93333f05b44dddefdf99d0f52669') in 0.024572 seconds 
========================================================================
Received Import Request.
  Time since last request: 0.000026 seconds.
  path: Assets/AssetStore/POLYGON city pack/Materials/Material_meshs/street 14.mat
  artifactKey: Guid(cfe19b994291bef4da4b615db64ccdb0) Importer(815301076,1909f56bfc062723c751e8b465ee728b)
Start importing Assets/AssetStore/POLYGON city pack/Materials/Material_meshs/street 14.mat using Guid(cfe19b994291bef4da4b615db64ccdb0) Importer(815301076,1909f56bfc062723c751e8b465ee728b)  -> (artifact id: 'cdc98db41e33ef8ac3a0cace147619cb') in 0.023722 seconds 
========================================================================
Received Import Request.
  Time since last request: 0.000061 seconds.
  path: Assets/AssetStore/POLYGON city pack/Materials/Material_meshs/street 7.mat
  artifactKey: Guid(b991b79651d0c31409fa826ebb42f3d7) Importer(815301076,1909f56bfc062723c751e8b465ee728b)
Start importing Assets/AssetStore/POLYGON city pack/Materials/Material_meshs/street 7.mat using Guid(b991b79651d0c31409fa826ebb42f3d7) Importer(815301076,1909f56bfc062723c751e8b465ee728b)  -> (artifact id: '294cc52baa85da350ae05c80577c1082') in 0.023727 seconds 
========================================================================
Received Import Request.
  Time since last request: 0.000031 seconds.
  path: Assets/AssetStore/POLYGON city pack/Materials/Material_meshs/Sign_speed_50.mat
  artifactKey: Guid(3469377aa9a97234b964fc824e7105d9) Importer(815301076,1909f56bfc062723c751e8b465ee728b)
Start importing Assets/AssetStore/POLYGON city pack/Materials/Material_meshs/Sign_speed_50.mat using Guid(3469377aa9a97234b964fc824e7105d9) Importer(815301076,1909f56bfc062723c751e8b465ee728b)  -> (artifact id: 'b1ed2740ea999a230572058dbceb5708') in 0.020685 seconds 
========================================================================
Received Import Request.
  Time since last request: 0.000030 seconds.
  path: Assets/AssetStore/POLYGON city pack/Meshes,textures/ways_FBX/Materials/Sideway.011.mat
  artifactKey: Guid(c1b67603cd9103a48af1d6fd010ba81f) Importer(815301076,1909f56bfc062723c751e8b465ee728b)
Start importing Assets/AssetStore/POLYGON city pack/Meshes,textures/ways_FBX/Materials/Sideway.011.mat using Guid(c1b67603cd9103a48af1d6fd010ba81f) Importer(815301076,1909f56bfc062723c751e8b465ee728b)  -> (artifact id: 'be427eb5747b809b2c8812ae1040ea85') in 0.018251 seconds 
========================================================================
Received Import Request.
  Time since last request: 0.000028 seconds.
  path: Assets/AssetStore/POLYGON city pack/Meshes,textures/ways_FBX/Materials/Street.mat
  artifactKey: Guid(06605a076c06da8468d90ee71a9ee427) Importer(815301076,1909f56bfc062723c751e8b465ee728b)
Start importing Assets/AssetStore/POLYGON city pack/Meshes,textures/ways_FBX/Materials/Street.mat using Guid(06605a076c06da8468d90ee71a9ee427) Importer(815301076,1909f56bfc062723c751e8b465ee728b)  -> (artifact id: '5b695a5b76bcfd03b5a99bdb41f10b48') in 0.019280 seconds 
========================================================================
Received Import Request.
  Time since last request: 0.000019 seconds.
  path: Assets/AssetStore/POLYGON city pack/Meshes,textures/Buildings_FBX/Materials/stairs.mat
  artifactKey: Guid(9733cd86665bfb24caa38cc3c96d30da) Importer(815301076,1909f56bfc062723c751e8b465ee728b)
Start importing Assets/AssetStore/POLYGON city pack/Meshes,textures/Buildings_FBX/Materials/stairs.mat using Guid(9733cd86665bfb24caa38cc3c96d30da) Importer(815301076,1909f56bfc062723c751e8b465ee728b)  -> (artifact id: 'e28549e465992d348ea69e54381e5967') in 0.020135 seconds 
========================================================================
Received Import Request.
  Time since last request: 0.000030 seconds.
  path: Assets/AssetStore/POLYGON city pack/Meshes,textures/props_FBX/Materials/stone.mat
  artifactKey: Guid(14b05a33dd5664b439de2ca08d624e65) Importer(815301076,1909f56bfc062723c751e8b465ee728b)
Start importing Assets/AssetStore/POLYGON city pack/Meshes,textures/props_FBX/Materials/stone.mat using Guid(14b05a33dd5664b439de2ca08d624e65) Importer(815301076,1909f56bfc062723c751e8b465ee728b)  -> (artifact id: '9736b431b68da593ecc78abfc12c19e5') in 0.024944 seconds 
========================================================================
Received Import Request.
  Time since last request: 0.000027 seconds.
  path: Assets/AssetStore/POLYGON city pack/Materials/Material_meshs/supermarket.mat
  artifactKey: Guid(5a982ead24f664e4d869d95ef387a770) Importer(815301076,1909f56bfc062723c751e8b465ee728b)
Start importing Assets/AssetStore/POLYGON city pack/Materials/Material_meshs/supermarket.mat using Guid(5a982ead24f664e4d869d95ef387a770) Importer(815301076,1909f56bfc062723c751e8b465ee728b)  -> (artifact id: '73b89f0eb5fcac7214489bd3923d1fe0') in 0.020865 seconds 
========================================================================
Received Import Request.
  Time since last request: 0.000031 seconds.
  path: Assets/AssetStore/POLYGON city pack/Materials/Material_meshs/Sign_speed_ 25.mat
  artifactKey: Guid(022538b5b0bd7134b9c3c564669efd06) Importer(815301076,1909f56bfc062723c751e8b465ee728b)
Start importing Assets/AssetStore/POLYGON city pack/Materials/Material_meshs/Sign_speed_ 25.mat using Guid(022538b5b0bd7134b9c3c564669efd06) Importer(815301076,1909f56bfc062723c751e8b465ee728b)  -> (artifact id: '3969d0e5f3500e73e6efd1e0b6a46c16') in 0.022034 seconds 
========================================================================
Received Import Request.
  Time since last request: 0.000026 seconds.
  path: Assets/AssetStore/Tents/3dobjects/Materials/tents-zelt_b.mat
  artifactKey: Guid(65c60359c7f4dcf449c7ca6266aae9d7) Importer(815301076,1909f56bfc062723c751e8b465ee728b)
Start importing Assets/AssetStore/Tents/3dobjects/Materials/tents-zelt_b.mat using Guid(65c60359c7f4dcf449c7ca6266aae9d7) Importer(815301076,1909f56bfc062723c751e8b465ee728b)  -> (artifact id: 'cad23fae586ae0aa5561083a7e7a02c6') in 0.029098 seconds 
========================================================================
Received Import Request.
  Time since last request: 0.000027 seconds.
  path: Assets/AssetStore/POLYGON city pack/Meshes,textures/props_FBX/Materials/texture.mat
  artifactKey: Guid(65a1f9930bef3234b88af8fb16117bc1) Importer(815301076,1909f56bfc062723c751e8b465ee728b)
Start importing Assets/AssetStore/POLYGON city pack/Meshes,textures/props_FBX/Materials/texture.mat using Guid(65a1f9930bef3234b88af8fb16117bc1) Importer(815301076,1909f56bfc062723c751e8b465ee728b)  -> (artifact id: '4daa76b5ec29765361d6c3b132a80159') in 0.019566 seconds 
========================================================================
Received Import Request.
  Time since last request: 0.000027 seconds.
  path: Assets/AssetStore/POLYGON city pack/Meshes,textures/Shops_FBX/Materials/Texture_on.mat
  artifactKey: Guid(6e7a45bf02789524faa43c0656ae4778) Importer(815301076,1909f56bfc062723c751e8b465ee728b)
Start importing Assets/AssetStore/POLYGON city pack/Meshes,textures/Shops_FBX/Materials/Texture_on.mat using Guid(6e7a45bf02789524faa43c0656ae4778) Importer(815301076,1909f56bfc062723c751e8b465ee728b)  -> (artifact id: 'a248e78913e54d68793db5aa498fe75e') in 0.020128 seconds 
========================================================================
Received Import Request.
  Time since last request: 0.000046 seconds.
  path: Assets/AssetStore/POLYGON city pack/Meshes,textures/traffic signs FBX/Materials/traffic sign 2.mat
  artifactKey: Guid(e59be26149729bf46bf5e8e31f89c49a) Importer(815301076,1909f56bfc062723c751e8b465ee728b)
Start importing Assets/AssetStore/POLYGON city pack/Meshes,textures/traffic signs FBX/Materials/traffic sign 2.mat using Guid(e59be26149729bf46bf5e8e31f89c49a) Importer(815301076,1909f56bfc062723c751e8b465ee728b)  -> (artifact id: '687242f353f0af723130756845f61d74') in 0.018112 seconds 
========================================================================
Received Import Request.
  Time since last request: 0.000039 seconds.
  path: Assets/AssetStore/POLYGON city pack/Meshes,textures/traffic signs FBX/Materials/traffic sign 4.mat
  artifactKey: Guid(8180a718856033745921f28a394bbd45) Importer(815301076,1909f56bfc062723c751e8b465ee728b)
Start importing Assets/AssetStore/POLYGON city pack/Meshes,textures/traffic signs FBX/Materials/traffic sign 4.mat using Guid(8180a718856033745921f28a394bbd45) Importer(815301076,1909f56bfc062723c751e8b465ee728b)  -> (artifact id: '91009ca4435ba505ed9ec645b927c0c4') in 0.023305 seconds 
========================================================================
Received Import Request.
  Time since last request: 0.000042 seconds.
  path: Assets/AssetStore/POLYGON city pack/Meshes,textures/props_FBX/Materials/trash bag.mat
  artifactKey: Guid(2691ab97d685579468814a126b76ecf1) Importer(815301076,1909f56bfc062723c751e8b465ee728b)
Start importing Assets/AssetStore/POLYGON city pack/Meshes,textures/props_FBX/Materials/trash bag.mat using Guid(2691ab97d685579468814a126b76ecf1) Importer(815301076,1909f56bfc062723c751e8b465ee728b)  -> (artifact id: '7e6d90014e485abcd5ab485b92193ef2') in 0.024732 seconds 
========================================================================
Received Import Request.
  Time since last request: 0.000025 seconds.
  path: Assets/AssetStore/POLYGON city pack/Materials/Material_meshs/trashcan.mat
  artifactKey: Guid(a33d51cf45695ce4e862ea7fd9727a58) Importer(815301076,1909f56bfc062723c751e8b465ee728b)
Start importing Assets/AssetStore/POLYGON city pack/Materials/Material_meshs/trashcan.mat using Guid(a33d51cf45695ce4e862ea7fd9727a58) Importer(815301076,1909f56bfc062723c751e8b465ee728b)  -> (artifact id: '1a291cb4fd3c7fe0d4c9895550267b8b') in 0.019619 seconds 
========================================================================
Received Import Request.
  Time since last request: 0.000026 seconds.
  path: Assets/AssetStore/POLYGON city pack/Meshes,textures/props_FBX/Materials/trash bin texture.mat
  artifactKey: Guid(f9cb6f94942f51443bc857f5980500ea) Importer(815301076,1909f56bfc062723c751e8b465ee728b)
Start importing Assets/AssetStore/POLYGON city pack/Meshes,textures/props_FBX/Materials/trash bin texture.mat using Guid(f9cb6f94942f51443bc857f5980500ea) Importer(815301076,1909f56bfc062723c751e8b465ee728b)  -> (artifact id: '761a6ddc0fc1a2d1df55985cf916e856') in 0.020994 seconds 
========================================================================
Received Import Request.
  Time since last request: 0.000027 seconds.
  path: Assets/AssetStore/POLYGON city pack/Materials/Material_meshs/water tank 2.mat
  artifactKey: Guid(13f8295c521186343bd82634ad247e2f) Importer(815301076,1909f56bfc062723c751e8b465ee728b)
Start importing Assets/AssetStore/POLYGON city pack/Materials/Material_meshs/water tank 2.mat using Guid(13f8295c521186343bd82634ad247e2f) Importer(815301076,1909f56bfc062723c751e8b465ee728b)  -> (artifact id: '49cfc2480da6fb3d634b498037a7c7dd') in 0.022318 seconds 
========================================================================
Received Import Request.
  Time since last request: 0.000024 seconds.
  path: Assets/AssetStore/POLYGON city pack/Meshes,textures/Buildings_FBX/Materials/Window_board.mat
  artifactKey: Guid(70f810e832db40d43898225a3b8b4082) Importer(815301076,1909f56bfc062723c751e8b465ee728b)
Start importing Assets/AssetStore/POLYGON city pack/Meshes,textures/Buildings_FBX/Materials/Window_board.mat using Guid(70f810e832db40d43898225a3b8b4082) Importer(815301076,1909f56bfc062723c751e8b465ee728b)  -> (artifact id: 'af80ed7bbce3bbc295c2ac5047180bbb') in 0.024348 seconds 
========================================================================
Received Import Request.
  Time since last request: 0.000027 seconds.
  path: Assets/AssetStore/POLYGON city pack/Meshes,textures/Buildings_FBX/Materials/Window1.mat
  artifactKey: Guid(865527e5af7e3674d87eff767ed1f29a) Importer(815301076,1909f56bfc062723c751e8b465ee728b)
Start importing Assets/AssetStore/POLYGON city pack/Meshes,textures/Buildings_FBX/Materials/Window1.mat using Guid(865527e5af7e3674d87eff767ed1f29a) Importer(815301076,1909f56bfc062723c751e8b465ee728b)  -> (artifact id: '09ce996231d1db2e33fd9b0bd94ef406') in 0.021604 seconds 
========================================================================
Received Import Request.
  Time since last request: 0.000023 seconds.
  path: Assets/AssetStore/POLYGON city pack/Meshes,textures/Buildings_FBX/Materials/sstairs.mat
  artifactKey: Guid(0e7f84399a8b6584a84aadd74aa5ff39) Importer(815301076,1909f56bfc062723c751e8b465ee728b)
Start importing Assets/AssetStore/POLYGON city pack/Meshes,textures/Buildings_FBX/Materials/sstairs.mat using Guid(0e7f84399a8b6584a84aadd74aa5ff39) Importer(815301076,1909f56bfc062723c751e8b465ee728b)  -> (artifact id: 'b9cbc4c0aec0afd5848b7426b2e970fb') in 0.018402 seconds 
========================================================================
Received Import Request.
  Time since last request: 0.000025 seconds.
  path: Assets/AssetStore/POLYGON city pack/Meshes,textures/Buildings_FBX/Materials/stone 2.mat
  artifactKey: Guid(aaf8c5301ec321b46a8f031d92d5ce3e) Importer(815301076,1909f56bfc062723c751e8b465ee728b)
Start importing Assets/AssetStore/POLYGON city pack/Meshes,textures/Buildings_FBX/Materials/stone 2.mat using Guid(aaf8c5301ec321b46a8f031d92d5ce3e) Importer(815301076,1909f56bfc062723c751e8b465ee728b)  -> (artifact id: '426edbe4cd2897a77339339b2fafea82') in 0.023013 seconds 
========================================================================
Received Import Request.
  Time since last request: 0.000073 seconds.
  path: Assets/AssetStore/POLYGON city pack/Meshes,textures/Buildings_FBX/Materials/WindowFrame.mat
  artifactKey: Guid(e0165b0c5174fd14e98654a3e2b21433) Importer(815301076,1909f56bfc062723c751e8b465ee728b)
Start importing Assets/AssetStore/POLYGON city pack/Meshes,textures/Buildings_FBX/Materials/WindowFrame.mat using Guid(e0165b0c5174fd14e98654a3e2b21433) Importer(815301076,1909f56bfc062723c751e8b465ee728b)  -> (artifact id: '155814aceb0a129b79f8de28e538e7ad') in 0.025138 seconds 
========================================================================
Received Import Request.
  Time since last request: 0.000027 seconds.
  path: Assets/AssetStore/POLYGON city pack/Meshes,textures/Buildings_FBX/Materials/windowFrames.mat
  artifactKey: Guid(00aec1c00583d804f8132354d406ec96) Importer(815301076,1909f56bfc062723c751e8b465ee728b)
Start importing Assets/AssetStore/POLYGON city pack/Meshes,textures/Buildings_FBX/Materials/windowFrames.mat using Guid(00aec1c00583d804f8132354d406ec96) Importer(815301076,1909f56bfc062723c751e8b465ee728b)  -> (artifact id: '217761d3cb45899ac3d4ef6194e0159a') in 0.025092 seconds 
========================================================================
Received Import Request.
  Time since last request: 0.000036 seconds.
  path: Assets/AssetStore/POLYGON city pack/Meshes,textures/Shops_FBX/Materials/Signs.mat
  artifactKey: Guid(415c382db9d27304ba5dbf29012f5e77) Importer(815301076,1909f56bfc062723c751e8b465ee728b)
Start importing Assets/AssetStore/POLYGON city pack/Meshes,textures/Shops_FBX/Materials/Signs.mat using Guid(415c382db9d27304ba5dbf29012f5e77) Importer(815301076,1909f56bfc062723c751e8b465ee728b)  -> (artifact id: '535a670d5b5a9348ca5abcf80c16e280') in 0.018577 seconds 
========================================================================
Received Import Request.
  Time since last request: 0.000025 seconds.
  path: Assets/AssetStore/POLYGON city pack/Materials/color_windows/Windows light 1.mat
  artifactKey: Guid(d7636558dbd50f7429a53d5bc6352a44) Importer(815301076,1909f56bfc062723c751e8b465ee728b)
Start importing Assets/AssetStore/POLYGON city pack/Materials/color_windows/Windows light 1.mat using Guid(d7636558dbd50f7429a53d5bc6352a44) Importer(815301076,1909f56bfc062723c751e8b465ee728b)  -> (artifact id: '24e818be8e7e9b99f590daa97a4e547c') in 0.020789 seconds 
========================================================================
Received Import Request.
  Time since last request: 0.000030 seconds.
  path: Assets/AssetStore/POLYGON city pack/Meshes,textures/props_FBX/Materials/street lamp.mat
  artifactKey: Guid(788a948e34972c940a1e026c870b29b7) Importer(815301076,1909f56bfc062723c751e8b465ee728b)
Start importing Assets/AssetStore/POLYGON city pack/Meshes,textures/props_FBX/Materials/street lamp.mat using Guid(788a948e34972c940a1e026c870b29b7) Importer(815301076,1909f56bfc062723c751e8b465ee728b)  -> (artifact id: '4aa9957eaf3d2d4bbb5fe5fa729d8f96') in 0.023674 seconds 
========================================================================
Received Import Request.
  Time since last request: 0.000029 seconds.
  path: Assets/AssetStore/POLYGON city pack/Materials/color_windows/Windows no light.mat
  artifactKey: Guid(26df91506bf83b343b8083c5322323ae) Importer(815301076,1909f56bfc062723c751e8b465ee728b)
Start importing Assets/AssetStore/POLYGON city pack/Materials/color_windows/Windows no light.mat using Guid(26df91506bf83b343b8083c5322323ae) Importer(815301076,1909f56bfc062723c751e8b465ee728b)  -> (artifact id: '6bf5e1efe31623dba46afc55c0b36423') in 0.024039 seconds 
========================================================================
Received Import Request.
  Time since last request: 0.000031 seconds.
  path: Assets/AssetStore/POLYGON city pack/Meshes,textures/Buildings_FBX/Materials/windows2.mat
  artifactKey: Guid(36dac64032b6efe4fb1632bc45de8285) Importer(815301076,1909f56bfc062723c751e8b465ee728b)
Start importing Assets/AssetStore/POLYGON city pack/Meshes,textures/Buildings_FBX/Materials/windows2.mat using Guid(36dac64032b6efe4fb1632bc45de8285) Importer(815301076,1909f56bfc062723c751e8b465ee728b)  -> (artifact id: '58de21835a6531cf55e0c04cc10b0689') in 0.019490 seconds 
========================================================================
Received Import Request.
  Time since last request: 0.000066 seconds.
  path: Assets/AssetStore/POLYGON city pack/Meshes,textures/Shops_FBX/Materials/Windows_03.mat
  artifactKey: Guid(3a23e203bfea4c748ae4c2a17b3537a3) Importer(815301076,1909f56bfc062723c751e8b465ee728b)
Start importing Assets/AssetStore/POLYGON city pack/Meshes,textures/Shops_FBX/Materials/Windows_03.mat using Guid(3a23e203bfea4c748ae4c2a17b3537a3) Importer(815301076,1909f56bfc062723c751e8b465ee728b)  -> (artifact id: 'aeb1fdc5a8fb74060eb55bf5ab2b4117') in 0.017382 seconds 
========================================================================
Received Import Request.
  Time since last request: 0.000165 seconds.
  path: Assets/AssetStore/POLYGON city pack/Meshes,textures/Buildings_FBX/Materials/Windows_B.mat
  artifactKey: Guid(92de6af25a03e134f8d98cb28ae4aea4) Importer(815301076,1909f56bfc062723c751e8b465ee728b)
Start importing Assets/AssetStore/POLYGON city pack/Meshes,textures/Buildings_FBX/Materials/Windows_B.mat using Guid(92de6af25a03e134f8d98cb28ae4aea4) Importer(815301076,1909f56bfc062723c751e8b465ee728b)  -> (artifact id: '9afa458adaffc48763d215f8972cdf70') in 0.017794 seconds 
========================================================================
Received Import Request.
  Time since last request: 0.000028 seconds.
  path: Assets/AssetStore/POLYGON city pack/Materials/Material_meshs/wood pot.mat
  artifactKey: Guid(4ab9b41d9d99ce346be37a4aaa2c5c8f) Importer(815301076,1909f56bfc062723c751e8b465ee728b)
Start importing Assets/AssetStore/POLYGON city pack/Materials/Material_meshs/wood pot.mat using Guid(4ab9b41d9d99ce346be37a4aaa2c5c8f) Importer(815301076,1909f56bfc062723c751e8b465ee728b)  -> (artifact id: '874fc5de3eed232a826ab2e80efbd03c') in 0.020687 seconds 
========================================================================
Received Import Request.
  Time since last request: 0.000026 seconds.
  path: Assets/AssetStore/POLYGON city pack/Meshes,textures/Buildings_FBX/Materials/terrace.mat
  artifactKey: Guid(994fa890466dd8b4b8329b0fff72c830) Importer(815301076,1909f56bfc062723c751e8b465ee728b)
Start importing Assets/AssetStore/POLYGON city pack/Meshes,textures/Buildings_FBX/Materials/terrace.mat using Guid(994fa890466dd8b4b8329b0fff72c830) Importer(815301076,1909f56bfc062723c751e8b465ee728b)  -> (artifact id: 'a3b9a79af89bb4bd6a3a8b72937b2d2c') in 0.021649 seconds 
========================================================================
Received Import Request.
  Time since last request: 0.000105 seconds.
  path: Assets/AssetStore/POLYGON city pack/Materials/Colors_buildings/y_2.mat
  artifactKey: Guid(3f6105d90f7e5cc419dc8e03de25c34c) Importer(815301076,1909f56bfc062723c751e8b465ee728b)
Start importing Assets/AssetStore/POLYGON city pack/Materials/Colors_buildings/y_2.mat using Guid(3f6105d90f7e5cc419dc8e03de25c34c) Importer(815301076,1909f56bfc062723c751e8b465ee728b)  -> (artifact id: 'eae4b6226c640e03b32dadfb5d7797e6') in 0.048645 seconds 
========================================================================
Received Import Request.
  Time since last request: 0.000021 seconds.
  path: Assets/AssetStore/POLYGON city pack/Meshes,textures/Shops_FBX/Materials/Window_frame.mat
  artifactKey: Guid(c4030c76fa38da2428b2b850b66f0ea8) Importer(815301076,1909f56bfc062723c751e8b465ee728b)
Start importing Assets/AssetStore/POLYGON city pack/Meshes,textures/Shops_FBX/Materials/Window_frame.mat using Guid(c4030c76fa38da2428b2b850b66f0ea8) Importer(815301076,1909f56bfc062723c751e8b465ee728b)  -> (artifact id: 'b1e6fe0fef662054c5f5be7474efab9b') in 0.021124 seconds 
========================================================================
Received Import Request.
  Time since last request: 42.352948 seconds.
  path: Assets/AssetStore/SimpleNaturePack/Prefabs/Branch_01.prefab
  artifactKey: Guid(b9de24523a11d714db3851b5f0f9d527) Importer(815301076,1909f56bfc062723c751e8b465ee728b)
Start importing Assets/AssetStore/SimpleNaturePack/Prefabs/Branch_01.prefab using Guid(b9de24523a11d714db3851b5f0f9d527) Importer(815301076,1909f56bfc062723c751e8b465ee728b)  -> (artifact id: '1ad1ecd2ec38b9de708bd566b7f189b5') in 0.038842 seconds 
========================================================================
Received Import Request.
  Time since last request: 0.000018 seconds.
  path: Assets/AssetStore/SimpleNaturePack/Prefabs/Mushroom_02.prefab
  artifactKey: Guid(494f6d43e170e9145bc7865d243ee00b) Importer(815301076,1909f56bfc062723c751e8b465ee728b)
Start importing Assets/AssetStore/SimpleNaturePack/Prefabs/Mushroom_02.prefab using Guid(494f6d43e170e9145bc7865d243ee00b) Importer(815301076,1909f56bfc062723c751e8b465ee728b)  -> (artifact id: '9c3a288efac0d518dbc14ec9c525a021') in 0.025520 seconds 
========================================================================
Received Import Request.
  Time since last request: 0.000023 seconds.
  path: Assets/AssetStore/SimpleNaturePack/Prefabs/Rock_04.prefab
  artifactKey: Guid(f02116c209ecd9e488fc4d2cd8996133) Importer(815301076,1909f56bfc062723c751e8b465ee728b)
Start importing Assets/AssetStore/SimpleNaturePack/Prefabs/Rock_04.prefab using Guid(f02116c209ecd9e488fc4d2cd8996133) Importer(815301076,1909f56bfc062723c751e8b465ee728b)  -> (artifact id: '735ef809cc1397e5c216f25fa4872b6a') in 0.022559 seconds 
========================================================================
Received Import Request.
  Time since last request: 0.000025 seconds.
  path: Assets/AssetStore/SimpleNaturePack/Prefabs/Ground_02.prefab
  artifactKey: Guid(e2e682b966e3f644392ffbfab511e0e2) Importer(815301076,1909f56bfc062723c751e8b465ee728b)
Start importing Assets/AssetStore/SimpleNaturePack/Prefabs/Ground_02.prefab using Guid(e2e682b966e3f644392ffbfab511e0e2) Importer(815301076,1909f56bfc062723c751e8b465ee728b)  -> (artifact id: '7ba5093679cce4fd3b5223fe5f2692d9') in 0.016824 seconds 
========================================================================
Received Import Request.
  Time since last request: 1.218297 seconds.
  path: Assets/AssetStore/SimpleNaturePack/Prefabs/Rock_05.prefab
  artifactKey: Guid(a778b631c6253a04899cb31bad047c81) Importer(815301076,1909f56bfc062723c751e8b465ee728b)
Start importing Assets/AssetStore/SimpleNaturePack/Prefabs/Rock_05.prefab using Guid(a778b631c6253a04899cb31bad047c81) Importer(815301076,1909f56bfc062723c751e8b465ee728b)  -> (artifact id: 'd9770fcc7f37d81fa6b7249bb2284707') in 0.012578 seconds 
========================================================================
Received Import Request.
  Time since last request: 0.001157 seconds.
  path: Assets/AssetStore/SimpleNaturePack/Prefabs/Tree_01.prefab
  artifactKey: Guid(88f2fd29f58b9734683512546acec310) Importer(815301076,1909f56bfc062723c751e8b465ee728b)
Start importing Assets/AssetStore/SimpleNaturePack/Prefabs/Tree_01.prefab using Guid(88f2fd29f58b9734683512546acec310) Importer(815301076,1909f56bfc062723c751e8b465ee728b)  -> (artifact id: 'a2c4fba46e42d15910a68cf8ccca8630') in 0.015321 seconds 
========================================================================
Received Import Request.
  Time since last request: 0.263936 seconds.
  path: Assets/AssetStore/SimpleNaturePack/Prefabs/Tree_03.prefab
  artifactKey: Guid(c60edd51c065ceb46b345849a03bc106) Importer(815301076,1909f56bfc062723c751e8b465ee728b)
Start importing Assets/AssetStore/SimpleNaturePack/Prefabs/Tree_03.prefab using Guid(c60edd51c065ceb46b345849a03bc106) Importer(815301076,1909f56bfc062723c751e8b465ee728b)  -> (artifact id: 'de755205c10aedd5b05f7ea69019913c') in 0.012287 seconds 
========================================================================
Received Import Request.
  Time since last request: 0.025800 seconds.
  path: Assets/AssetStore/SimpleNaturePack/Prefabs/Tree_05.prefab
  artifactKey: Guid(60f79905accf3b24fa0114b941f1aac0) Importer(815301076,1909f56bfc062723c751e8b465ee728b)
Start importing Assets/AssetStore/SimpleNaturePack/Prefabs/Tree_05.prefab using Guid(60f79905accf3b24fa0114b941f1aac0) Importer(815301076,1909f56bfc062723c751e8b465ee728b)  -> (artifact id: '876a60479c9e63735d3114eecae8241a') in 0.010618 seconds 
========================================================================
Received Import Request.
  Time since last request: 55.831208 seconds.
  path: Assets/AssetStore/LowPoly Guns/Meshes/RPJ.fbx
  artifactKey: Guid(bbbabda1de348db41bda1f2ef746ca46) Importer(815301076,1909f56bfc062723c751e8b465ee728b)
Start importing Assets/AssetStore/LowPoly Guns/Meshes/RPJ.fbx using Guid(bbbabda1de348db41bda1f2ef746ca46) Importer(815301076,1909f56bfc062723c751e8b465ee728b)  -> (artifact id: '22162aa8d3b83615417e0cee36aebf59') in 0.036955 seconds 
========================================================================
Received Prepare
Registering precompiled user dll's ...
Registered in 0.005358 seconds.
Begin MonoManager ReloadAssembly
Symbol file LoadedFromMemory doesn't match image E:\Unity Proje\Stayin Alive\Stayin Alive\Stayin Alive\Library\PackageCache\com.unity.visualscripting@1.7.8\Editor\VisualScripting.Core\Dependencies\YamlDotNet\Unity.VisualScripting.YamlDotNet.dll
Symbol file LoadedFromMemory doesn't match image E:\Unity Proje\Stayin Alive\Stayin Alive\Stayin Alive\Library\PackageCache\com.unity.visualscripting@1.7.8\Editor\VisualScripting.Core\Dependencies\DotNetZip\Unity.VisualScripting.IonicZip.dll
Native extension for WindowsStandalone target not found
Refreshing native plugins compatible for Editor in 1.11 ms, found 3 plugins.
Preloading 0 native plugins for Editor in 0.00 ms.
Mono: successfully reloaded assembly
- Completed reload, in  1.100 seconds
Domain Reload Profiling:
	ReloadAssembly (1101ms)
		BeginReloadAssembly (134ms)
			ExecutionOrderSort (0ms)
			DisableScriptedObjects (4ms)
			BackupInstance (0ms)
			ReleaseScriptingObjects (0ms)
			CreateAndSetChildDomain (41ms)
		EndReloadAssembly (873ms)
			LoadAssemblies (84ms)
			RebuildTransferFunctionScriptingTraits (0ms)
			SetupTypeCache (295ms)
			ReleaseScriptCaches (1ms)
			RebuildScriptCaches (49ms)
			SetupLoadedEditorAssemblies (392ms)
				LogAssemblyErrors (0ms)
				InitializePlatformSupportModulesInManaged (13ms)
				SetLoadedEditorAssemblies (1ms)
				RefreshPlugins (1ms)
				BeforeProcessingInitializeOnLoad (63ms)
				ProcessInitializeOnLoadAttributes (284ms)
				ProcessInitializeOnLoadMethodAttributes (26ms)
				AfterProcessingInitializeOnLoad (4ms)
				EditorAssembliesLoaded (0ms)
			ExecutionOrderSort2 (0ms)
			AwakeInstancesAfterBackupRestoration (7ms)
Platform modules already initialized, skipping
Refreshing native plugins compatible for Editor in 2.18 ms, found 3 plugins.
Preloading 0 native plugins for Editor in 0.00 ms.
Unloading 3776 Unused Serialized files (Serialized files now loaded: 0)
Unloading 19 unused Assets / (24.6 KB). Loaded Objects now: 4313.
Memory consumption went from 140.0 MB to 140.0 MB.
Total: 3.636900 ms (FindLiveObjects: 0.343700 ms CreateObjectMapping: 0.210800 ms MarkObjects: 3.053700 ms  DeleteObjects: 0.027700 ms)

AssetImportParameters requested are different than current active one (requested -> active):
  custom:video-decoder-ogg-theora: a1e56fd34408186e4bbccfd4996cb3dc -> 
  custom:container-muxer-webm: aa71ff27fc2769a1b78a27578f13a17b -> 
  custom:container-demuxer-webm: 4f35f7cbe854078d1ac9338744f61a02 -> 
  custom:video-encoder-webm-vp8: eb34c28f22e8b96e1ab97ce403110664 -> 
  custom:audio-encoder-webm-vorbis: bf7c407c2cedff20999df2af8eb42d56 -> 
  custom:framework-win-MediaFoundation: 216162199b28c13a410421893ffa2e32 -> 
  custom:container-demuxer-ogg: 62fdf1f143b41e24485cea50d1cbac27 -> 
  custom:video-decoder-webm-vp8: 9c59270c3fd7afecdb556c50c9e8de78 -> 
  custom:audio-decoder-ogg-vorbis: bf7c407c2cedff20999df2af8eb42d56 -> 
========================================================================
Received Prepare
Registering precompiled user dll's ...
Registered in 0.005207 seconds.
Begin MonoManager ReloadAssembly
Symbol file LoadedFromMemory doesn't match image E:\Unity Proje\Stayin Alive\Stayin Alive\Stayin Alive\Library\PackageCache\com.unity.visualscripting@1.7.8\Editor\VisualScripting.Core\Dependencies\YamlDotNet\Unity.VisualScripting.YamlDotNet.dll
Symbol file LoadedFromMemory doesn't match image E:\Unity Proje\Stayin Alive\Stayin Alive\Stayin Alive\Library\PackageCache\com.unity.visualscripting@1.7.8\Editor\VisualScripting.Core\Dependencies\DotNetZip\Unity.VisualScripting.IonicZip.dll
Native extension for WindowsStandalone target not found
Refreshing native plugins compatible for Editor in 1.09 ms, found 3 plugins.
Preloading 0 native plugins for Editor in 0.00 ms.
Mono: successfully reloaded assembly
- Completed reload, in  1.104 seconds
Domain Reload Profiling:
	ReloadAssembly (1105ms)
		BeginReloadAssembly (136ms)
			ExecutionOrderSort (0ms)
			DisableScriptedObjects (7ms)
			BackupInstance (0ms)
			ReleaseScriptingObjects (0ms)
			CreateAndSetChildDomain (38ms)
		EndReloadAssembly (865ms)
			LoadAssemblies (86ms)
			RebuildTransferFunctionScriptingTraits (0ms)
			SetupTypeCache (304ms)
			ReleaseScriptCaches (1ms)
			RebuildScriptCaches (46ms)
			SetupLoadedEditorAssemblies (385ms)
				LogAssemblyErrors (0ms)
				InitializePlatformSupportModulesInManaged (12ms)
				SetLoadedEditorAssemblies (1ms)
				RefreshPlugins (1ms)
				BeforeProcessingInitializeOnLoad (60ms)
				ProcessInitializeOnLoadAttributes (282ms)
				ProcessInitializeOnLoadMethodAttributes (25ms)
				AfterProcessingInitializeOnLoad (3ms)
				EditorAssembliesLoaded (0ms)
			ExecutionOrderSort2 (0ms)
			AwakeInstancesAfterBackupRestoration (7ms)
Platform modules already initialized, skipping
Refreshing native plugins compatible for Editor in 2.84 ms, found 3 plugins.
Preloading 0 native plugins for Editor in 0.00 ms.
Unloading 3776 Unused Serialized files (Serialized files now loaded: 0)
Unloading 19 unused Assets / (24.6 KB). Loaded Objects now: 4316.
Memory consumption went from 140.0 MB to 140.0 MB.
Total: 3.230500 ms (FindLiveObjects: 0.266700 ms CreateObjectMapping: 0.106000 ms MarkObjects: 2.821500 ms  DeleteObjects: 0.035600 ms)

AssetImportParameters requested are different than current active one (requested -> active):
  custom:video-decoder-ogg-theora: a1e56fd34408186e4bbccfd4996cb3dc -> 
  custom:container-muxer-webm: aa71ff27fc2769a1b78a27578f13a17b -> 
  custom:container-demuxer-webm: 4f35f7cbe854078d1ac9338744f61a02 -> 
  custom:video-encoder-webm-vp8: eb34c28f22e8b96e1ab97ce403110664 -> 
  custom:audio-encoder-webm-vorbis: bf7c407c2cedff20999df2af8eb42d56 -> 
  custom:framework-win-MediaFoundation: 216162199b28c13a410421893ffa2e32 -> 
  custom:container-demuxer-ogg: 62fdf1f143b41e24485cea50d1cbac27 -> 
  custom:video-decoder-webm-vp8: 9c59270c3fd7afecdb556c50c9e8de78 -> 
  custom:audio-decoder-ogg-vorbis: bf7c407c2cedff20999df2af8eb42d56 -> 
