Using pre-set license
Built from '2021.3/staging' branch; Version is '2021.3.15f1 (e8e88683f834) revision 15263878'; Using compiler version '192829333'; Build Type 'Release'
OS: 'Windows 10  (10.0.19045) 64bit Professional' Language: 'tr' Physical Memory: 8134 MB
BatchMode: 1, IsHumanControllingUs: 0, StartBugReporterOnCrash: 0, Is64bit: 1, IsPro: 1

COMMAND LINE ARGUMENTS:
E:\Program Files\Unity 2021.3.15f1\Editor\Unity.exe
-adb2
-batchMode
-noUpm
-name
AssetImportWorker8
-projectPath
E:/Unity Proje/Stayin Alive/Stayin Alive/Stayin Alive
-logFile
Logs/AssetImportWorker8.log
-srvPort
51251
Successfully changed project path to: E:/Unity Proje/Stayin Alive/Stayin Alive/Stayin Alive
E:/Unity Proje/Stayin Alive/Stayin Alive/Stayin Alive
[UnityMemory] Configuration Parameters - Can be set up in boot.config
    "memorysetup-bucket-allocator-granularity=16"
    "memorysetup-bucket-allocator-bucket-count=8"
    "memorysetup-bucket-allocator-block-size=33554432"
    "memorysetup-bucket-allocator-block-count=8"
    "memorysetup-main-allocator-block-size=16777216"
    "memorysetup-thread-allocator-block-size=16777216"
    "memorysetup-gfx-main-allocator-block-size=16777216"
    "memorysetup-gfx-thread-allocator-block-size=16777216"
    "memorysetup-cache-allocator-block-size=4194304"
    "memorysetup-typetree-allocator-block-size=2097152"
    "memorysetup-profiler-bucket-allocator-granularity=16"
    "memorysetup-profiler-bucket-allocator-bucket-count=8"
    "memorysetup-profiler-bucket-allocator-block-size=33554432"
    "memorysetup-profiler-bucket-allocator-block-count=8"
    "memorysetup-profiler-allocator-block-size=16777216"
    "memorysetup-profiler-editor-allocator-block-size=1048576"
    "memorysetup-temp-allocator-size-main=16777216"
    "memorysetup-job-temp-allocator-block-size=2097152"
    "memorysetup-job-temp-allocator-block-size-background=1048576"
    "memorysetup-job-temp-allocator-reduction-small-platforms=262144"
    "memorysetup-temp-allocator-size-background-worker=32768"
    "memorysetup-temp-allocator-size-job-worker=262144"
    "memorysetup-temp-allocator-size-preload-manager=33554432"
    "memorysetup-temp-allocator-size-nav-mesh-worker=65536"
    "memorysetup-temp-allocator-size-audio-worker=65536"
    "memorysetup-temp-allocator-size-cloud-worker=32768"
    "memorysetup-temp-allocator-size-gi-baking-worker=262144"
    "memorysetup-temp-allocator-size-gfx=262144"
Player connection [2168] Host "[IP] 192.168.0.28 [Port] 0 [Flags] 2 [Guid] 2427568726 [EditorId] 2427568726 [Version] 1048832 [Id] WindowsEditor(7,DESKTOP-4FOQMMG) [Debug] 1 [PackageName] WindowsEditor [ProjectName] Editor" joined multi-casting on [225.0.0.222:54997]...

Player connection [2168] Host "[IP] 192.168.0.28 [Port] 0 [Flags] 2 [Guid] 2427568726 [EditorId] 2427568726 [Version] 1048832 [Id] WindowsEditor(7,DESKTOP-4FOQMMG) [Debug] 1 [PackageName] WindowsEditor [ProjectName] Editor" joined alternative multi-casting on [225.0.0.222:34997]...

Refreshing native plugins compatible for Editor in 85.51 ms, found 3 plugins.
Preloading 0 native plugins for Editor in 0.00 ms.
Initialize engine version: 2021.3.15f1 (e8e88683f834)
[Subsystems] Discovering subsystems at path E:/Program Files/Unity 2021.3.15f1/Editor/Data/Resources/UnitySubsystems
[Subsystems] Discovering subsystems at path E:/Unity Proje/Stayin Alive/Stayin Alive/Stayin Alive/Assets
GfxDevice: creating device client; threaded=0; jobified=0
Direct3D:
    Version:  Direct3D 11.0 [level 11.1]
    Renderer: NVIDIA GeForce GTX 960 (ID=0x1401)
    Vendor:   NVIDIA
    VRAM:     4053 MB
    Driver:   31.0.15.1694
Initialize mono
Mono path[0] = 'E:/Program Files/Unity 2021.3.15f1/Editor/Data/Managed'
Mono path[1] = 'E:/Program Files/Unity 2021.3.15f1/Editor/Data/MonoBleedingEdge/lib/mono/unityjit-win32'
Mono config path = 'E:/Program Files/Unity 2021.3.15f1/Editor/Data/MonoBleedingEdge/etc'
Using monoOptions --debugger-agent=transport=dt_socket,embedding=1,server=y,suspend=n,address=127.0.0.1:56932
Begin MonoManager ReloadAssembly
Registering precompiled unity dll's ...
Register platform support module: E:/Program Files/Unity 2021.3.15f1/Editor/Data/PlaybackEngines/WindowsStandaloneSupport/UnityEditor.WindowsStandalone.Extensions.dll
Registered in 0.003143 seconds.
Native extension for WindowsStandalone target not found
Refreshing native plugins compatible for Editor in 125.96 ms, found 3 plugins.
Preloading 0 native plugins for Editor in 0.00 ms.
Mono: successfully reloaded assembly
- Completed reload, in  0.620 seconds
Domain Reload Profiling:
	ReloadAssembly (620ms)
		BeginReloadAssembly (63ms)
			ExecutionOrderSort (0ms)
			DisableScriptedObjects (0ms)
			BackupInstance (0ms)
			ReleaseScriptingObjects (0ms)
			CreateAndSetChildDomain (1ms)
		EndReloadAssembly (460ms)
			LoadAssemblies (62ms)
			RebuildTransferFunctionScriptingTraits (0ms)
			SetupTypeCache (99ms)
			ReleaseScriptCaches (0ms)
			RebuildScriptCaches (26ms)
			SetupLoadedEditorAssemblies (291ms)
				LogAssemblyErrors (0ms)
				InitializePlatformSupportModulesInManaged (6ms)
				SetLoadedEditorAssemblies (0ms)
				RefreshPlugins (126ms)
				BeforeProcessingInitializeOnLoad (2ms)
				ProcessInitializeOnLoadAttributes (115ms)
				ProcessInitializeOnLoadMethodAttributes (42ms)
				AfterProcessingInitializeOnLoad (0ms)
				EditorAssembliesLoaded (0ms)
			ExecutionOrderSort2 (0ms)
			AwakeInstancesAfterBackupRestoration (0ms)
Platform modules already initialized, skipping
Registering precompiled user dll's ...
Registered in 0.003377 seconds.
Begin MonoManager ReloadAssembly
Symbol file LoadedFromMemory doesn't match image E:\Unity Proje\Stayin Alive\Stayin Alive\Stayin Alive\Library\PackageCache\com.unity.visualscripting@1.7.8\Editor\VisualScripting.Core\Dependencies\YamlDotNet\Unity.VisualScripting.YamlDotNet.dll
Symbol file LoadedFromMemory doesn't match image E:\Unity Proje\Stayin Alive\Stayin Alive\Stayin Alive\Library\PackageCache\com.unity.visualscripting@1.7.8\Editor\VisualScripting.Core\Dependencies\DotNetZip\Unity.VisualScripting.IonicZip.dll
Native extension for WindowsStandalone target not found
Refreshing native plugins compatible for Editor in 73.99 ms, found 3 plugins.
Preloading 0 native plugins for Editor in 0.00 ms.
Mono: successfully reloaded assembly
- Completed reload, in  1.052 seconds
Domain Reload Profiling:
	ReloadAssembly (1053ms)
		BeginReloadAssembly (96ms)
			ExecutionOrderSort (0ms)
			DisableScriptedObjects (5ms)
			BackupInstance (0ms)
			ReleaseScriptingObjects (0ms)
			CreateAndSetChildDomain (18ms)
		EndReloadAssembly (860ms)
			LoadAssemblies (69ms)
			RebuildTransferFunctionScriptingTraits (0ms)
			SetupTypeCache (274ms)
			ReleaseScriptCaches (1ms)
			RebuildScriptCaches (48ms)
			SetupLoadedEditorAssemblies (429ms)
				LogAssemblyErrors (0ms)
				InitializePlatformSupportModulesInManaged (3ms)
				SetLoadedEditorAssemblies (0ms)
				RefreshPlugins (74ms)
				BeforeProcessingInitializeOnLoad (71ms)
				ProcessInitializeOnLoadAttributes (259ms)
				ProcessInitializeOnLoadMethodAttributes (19ms)
				AfterProcessingInitializeOnLoad (2ms)
				EditorAssembliesLoaded (0ms)
			ExecutionOrderSort2 (0ms)
			AwakeInstancesAfterBackupRestoration (6ms)
Platform modules already initialized, skipping
========================================================================
Worker process is ready to serve import requests
Launched and connected shader compiler UnityShaderCompiler.exe after 0.04 seconds
Refreshing native plugins compatible for Editor in 0.77 ms, found 3 plugins.
Preloading 0 native plugins for Editor in 0.00 ms.
Unloading 3796 Unused Serialized files (Serialized files now loaded: 0)
Unloading 28 unused Assets / (56.7 KB). Loaded Objects now: 4261.
Memory consumption went from 136.5 MB to 136.4 MB.
Total: 3.282300 ms (FindLiveObjects: 0.293000 ms CreateObjectMapping: 0.280200 ms MarkObjects: 2.627000 ms  DeleteObjects: 0.081400 ms)

AssetImportParameters requested are different than current active one (requested -> active):
  custom:video-decoder-ogg-theora: a1e56fd34408186e4bbccfd4996cb3dc -> 
  custom:container-muxer-webm: aa71ff27fc2769a1b78a27578f13a17b -> 
  custom:container-demuxer-webm: 4f35f7cbe854078d1ac9338744f61a02 -> 
  custom:video-encoder-webm-vp8: eb34c28f22e8b96e1ab97ce403110664 -> 
  custom:audio-encoder-webm-vorbis: bf7c407c2cedff20999df2af8eb42d56 -> 
  custom:framework-win-MediaFoundation: 216162199b28c13a410421893ffa2e32 -> 
  custom:container-demuxer-ogg: 62fdf1f143b41e24485cea50d1cbac27 -> 
  custom:video-decoder-webm-vp8: 9c59270c3fd7afecdb556c50c9e8de78 -> 
  custom:audio-decoder-ogg-vorbis: bf7c407c2cedff20999df2af8eb42d56 -> 
========================================================================
Received Import Request.
  Time since last request: 6538.521561 seconds.
  path: Assets/AssetStore/POLYGON city pack/Prefabs/Props/Flower 1 prefab H.prefab
  artifactKey: Guid(b1fb400995a0fe641bd3e5fdfb630751) Importer(815301076,1909f56bfc062723c751e8b465ee728b)
Start importing Assets/AssetStore/POLYGON city pack/Prefabs/Props/Flower 1 prefab H.prefab using Guid(b1fb400995a0fe641bd3e5fdfb630751) Importer(815301076,1909f56bfc062723c751e8b465ee728b)  -> (artifact id: '17ade31d393d41d17cb2390b3cbac425') in 0.135751 seconds 
========================================================================
Received Import Request.
  Time since last request: 0.242170 seconds.
  path: Assets/AssetStore/POLYGON city pack/Prefabs/Props/Grass mass_prefab.prefab
  artifactKey: Guid(e53777a03d3be324ab0664ab7ef3d886) Importer(815301076,1909f56bfc062723c751e8b465ee728b)
Start importing Assets/AssetStore/POLYGON city pack/Prefabs/Props/Grass mass_prefab.prefab using Guid(e53777a03d3be324ab0664ab7ef3d886) Importer(815301076,1909f56bfc062723c751e8b465ee728b)  -> (artifact id: '50caab831088039e7de5dd70b1aceb1f') in 0.033875 seconds 
========================================================================
Received Import Request.
  Time since last request: 0.019713 seconds.
  path: Assets/AssetStore/POLYGON city pack/Prefabs/Props/hedge_curve prefab.prefab
  artifactKey: Guid(f2a4c4a6f1e89a74a995f3108da5be04) Importer(815301076,1909f56bfc062723c751e8b465ee728b)
Start importing Assets/AssetStore/POLYGON city pack/Prefabs/Props/hedge_curve prefab.prefab using Guid(f2a4c4a6f1e89a74a995f3108da5be04) Importer(815301076,1909f56bfc062723c751e8b465ee728b)  -> (artifact id: 'bec04090ba4f27be57c5f5ba3bce50a8') in 0.026016 seconds 
========================================================================
Received Import Request.
  Time since last request: 0.600121 seconds.
  path: Assets/AssetStore/POLYGON city pack/Prefabs/Props/Ketchup prefab.prefab
  artifactKey: Guid(31f2ecfec20d54541ace8f82e1071325) Importer(815301076,1909f56bfc062723c751e8b465ee728b)
Start importing Assets/AssetStore/POLYGON city pack/Prefabs/Props/Ketchup prefab.prefab using Guid(31f2ecfec20d54541ace8f82e1071325) Importer(815301076,1909f56bfc062723c751e8b465ee728b)  -> (artifact id: '923b776826d86496e2f21bafa2f542b5') in 0.026107 seconds 
========================================================================
Received Import Request.
  Time since last request: 2.567944 seconds.
  path: Assets/AssetStore/POLYGON city pack/Prefabs/Props/Power_poles prefab.prefab
  artifactKey: Guid(ad77b71bebe086d48ab3d1cd35b2746b) Importer(815301076,1909f56bfc062723c751e8b465ee728b)
Start importing Assets/AssetStore/POLYGON city pack/Prefabs/Props/Power_poles prefab.prefab using Guid(ad77b71bebe086d48ab3d1cd35b2746b) Importer(815301076,1909f56bfc062723c751e8b465ee728b)  -> (artifact id: '92164268aded0298c89968d9052add52') in 0.038390 seconds 
========================================================================
Received Import Request.
  Time since last request: 0.012654 seconds.
  path: Assets/AssetStore/POLYGON city pack/Prefabs/Props/Stone 4 Prefab.prefab
  artifactKey: Guid(b4289919ba517cd45aff629c81afa3fe) Importer(815301076,1909f56bfc062723c751e8b465ee728b)
Start importing Assets/AssetStore/POLYGON city pack/Prefabs/Props/Stone 4 Prefab.prefab using Guid(b4289919ba517cd45aff629c81afa3fe) Importer(815301076,1909f56bfc062723c751e8b465ee728b)  -> (artifact id: '15d78e6fe0d5788ec3df0e8a3df6726f') in 0.020508 seconds 
========================================================================
Received Import Request.
  Time since last request: 0.354267 seconds.
  path: Assets/AssetStore/POLYGON city pack/Prefabs/Props/streetprop prefab.prefab
  artifactKey: Guid(b9241325cf17fc546b1db887ded397d9) Importer(815301076,1909f56bfc062723c751e8b465ee728b)
Start importing Assets/AssetStore/POLYGON city pack/Prefabs/Props/streetprop prefab.prefab using Guid(b9241325cf17fc546b1db887ded397d9) Importer(815301076,1909f56bfc062723c751e8b465ee728b)  -> (artifact id: '84b508640bcee3b36540224cb358d4af') in 0.026072 seconds 
========================================================================
Received Import Request.
  Time since last request: 0.004559 seconds.
  path: Assets/AssetStore/POLYGON city pack/Prefabs/Props/Traffic light 2 Prefab.prefab
  artifactKey: Guid(d7cdfd713e1c02c49b7eb072ff0c50b2) Importer(815301076,1909f56bfc062723c751e8b465ee728b)
Start importing Assets/AssetStore/POLYGON city pack/Prefabs/Props/Traffic light 2 Prefab.prefab using Guid(d7cdfd713e1c02c49b7eb072ff0c50b2) Importer(815301076,1909f56bfc062723c751e8b465ee728b)  -> (artifact id: 'fc7315f745a36f8bf2bb2e8228cac67a') in 0.058585 seconds 
========================================================================
Received Import Request.
  Time since last request: 0.402191 seconds.
  path: Assets/AssetStore/POLYGON city pack/Prefabs/Props/trashcan prefab.prefab
  artifactKey: Guid(8983c8df5fb12ea4bb76cdf0ef2f9c1b) Importer(815301076,1909f56bfc062723c751e8b465ee728b)
Start importing Assets/AssetStore/POLYGON city pack/Prefabs/Props/trashcan prefab.prefab using Guid(8983c8df5fb12ea4bb76cdf0ef2f9c1b) Importer(815301076,1909f56bfc062723c751e8b465ee728b)  -> (artifact id: '95a3569fdf927340f477d6c2646ec28a') in 0.031041 seconds 
Editor requested this worker to shutdown with reason: Scaling down because of idle timeout
AssetImportWorker is now disconnected from the server
Process exiting
Exiting without the bug reporter. Application will terminate with return code 0